Watching for file changes with StatReloader
Watching for file changes with StatReloader
Internal Server Error: /
Traceback (most recent call last):
  File "C:\Users\rechs\AppData\Local\Packages\PythonSoftwareFoundation.Python.3.13_qbz5n2kfra8p0\LocalCache\local-packages\Python313\site-packages\django\contrib\sessions\backends\base.py", line 244, in _get_session
    return self._session_cache
           ^^^^^^^^^^^^^^^^^^^
AttributeError: 'SessionStore' object has no attribute '_session_cache'

During handling of the above exception, another exception occurred:

Traceback (most recent call last):
  File "C:\Users\rechs\AppData\Local\Packages\PythonSoftwareFoundation.Python.3.13_qbz5n2kfra8p0\LocalCache\local-packages\Python313\site-packages\django\db\backends\utils.py", line 105, in _execute
    return self.cursor.execute(sql, params)
           ~~~~~~~~~~~~~~~~~~~^^^^^^^^^^^^^
  File "C:\Users\rechs\AppData\Local\Packages\PythonSoftwareFoundation.Python.3.13_qbz5n2kfra8p0\LocalCache\local-packages\Python313\site-packages\django\db\backends\sqlite3\base.py", line 360, in execute
    return super().execute(query, params)
           ~~~~~~~~~~~~~~~^^^^^^^^^^^^^^^
sqlite3.OperationalError: no such table: django_session

The above exception was the direct cause of the following exception:

Traceback (most recent call last):
  File "C:\Users\rechs\AppData\Local\Packages\PythonSoftwareFoundation.Python.3.13_qbz5n2kfra8p0\LocalCache\local-packages\Python313\site-packages\django\core\handlers\exception.py", line 55, in inner
    response = get_response(request)
  File "C:\Users\rechs\AppData\Local\Packages\PythonSoftwareFoundation.Python.3.13_qbz5n2kfra8p0\LocalCache\local-packages\Python313\site-packages\django\utils\deprecation.py", line 122, in __call__
    response = self.process_response(request, response)
  File "C:\Users\rechs\AppData\Local\Packages\PythonSoftwareFoundation.Python.3.13_qbz5n2kfra8p0\LocalCache\local-packages\Python313\site-packages\django\contrib\sessions\middleware.py", line 48, in process_response
    if request.session.get_expire_at_browser_close():
       ~~~~~~~~~~~~~~~~~~~~~~~~~~~~~~~~~~~~~~~~~~~^^
  File "C:\Users\rechs\AppData\Local\Packages\PythonSoftwareFoundation.Python.3.13_qbz5n2kfra8p0\LocalCache\local-packages\Python313\site-packages\django\contrib\sessions\backends\base.py", line 403, in get_expire_at_browser_close
    if (expiry := self.get("_session_expiry")) is None:
                  ~~~~~~~~^^^^^^^^^^^^^^^^^^^
  File "C:\Users\rechs\AppData\Local\Packages\PythonSoftwareFoundation.Python.3.13_qbz5n2kfra8p0\LocalCache\local-packages\Python313\site-packages\django\contrib\sessions\backends\base.py", line 74, in get
    return self._session.get(key, default)
           ^^^^^^^^^^^^^
  File "C:\Users\rechs\AppData\Local\Packages\PythonSoftwareFoundation.Python.3.13_qbz5n2kfra8p0\LocalCache\local-packages\Python313\site-packages\django\contrib\sessions\backends\base.py", line 249, in _get_session
    self._session_cache = self.load()
                          ~~~~~~~~~^^
  File "C:\Users\rechs\AppData\Local\Packages\PythonSoftwareFoundation.Python.3.13_qbz5n2kfra8p0\LocalCache\local-packages\Python313\site-packages\django\contrib\sessions\backends\db.py", line 55, in load
    s = self._get_session_from_db()
  File "C:\Users\rechs\AppData\Local\Packages\PythonSoftwareFoundation.Python.3.13_qbz5n2kfra8p0\LocalCache\local-packages\Python313\site-packages\django\contrib\sessions\backends\db.py", line 34, in _get_session_from_db
    return self.model.objects.get(
           ~~~~~~~~~~~~~~~~~~~~~~^
        session_key=self.session_key, expire_date__gt=timezone.now()
        ^^^^^^^^^^^^^^^^^^^^^^^^^^^^^^^^^^^^^^^^^^^^^^^^^^^^^^^^^^^^
    )
    ^
  File "C:\Users\rechs\AppData\Local\Packages\PythonSoftwareFoundation.Python.3.13_qbz5n2kfra8p0\LocalCache\local-packages\Python313\site-packages\django\db\models\manager.py", line 87, in manager_method
    return getattr(self.get_queryset(), name)(*args, **kwargs)
           ~~~~~~~~~~~~~~~~~~~~~~~~~~~~~~~~~~^^^^^^^^^^^^^^^^^
  File "C:\Users\rechs\AppData\Local\Packages\PythonSoftwareFoundation.Python.3.13_qbz5n2kfra8p0\LocalCache\local-packages\Python313\site-packages\django\db\models\query.py", line 629, in get
    num = len(clone)
  File "C:\Users\rechs\AppData\Local\Packages\PythonSoftwareFoundation.Python.3.13_qbz5n2kfra8p0\LocalCache\local-packages\Python313\site-packages\django\db\models\query.py", line 366, in __len__
    self._fetch_all()
    ~~~~~~~~~~~~~~~^^
  File "C:\Users\rechs\AppData\Local\Packages\PythonSoftwareFoundation.Python.3.13_qbz5n2kfra8p0\LocalCache\local-packages\Python313\site-packages\django\db\models\query.py", line 1949, in _fetch_all
    self._result_cache = list(self._iterable_class(self))
                         ~~~~^^^^^^^^^^^^^^^^^^^^^^^^^^^^
  File "C:\Users\rechs\AppData\Local\Packages\PythonSoftwareFoundation.Python.3.13_qbz5n2kfra8p0\LocalCache\local-packages\Python313\site-packages\django\db\models\query.py", line 91, in __iter__
    results = compiler.execute_sql(
        chunked_fetch=self.chunked_fetch, chunk_size=self.chunk_size
    )
  File "C:\Users\rechs\AppData\Local\Packages\PythonSoftwareFoundation.Python.3.13_qbz5n2kfra8p0\LocalCache\local-packages\Python313\site-packages\django\db\models\sql\compiler.py", line 1623, in execute_sql
    cursor.execute(sql, params)
    ~~~~~~~~~~~~~~^^^^^^^^^^^^^
  File "C:\Users\rechs\AppData\Local\Packages\PythonSoftwareFoundation.Python.3.13_qbz5n2kfra8p0\LocalCache\local-packages\Python313\site-packages\django\db\backends\utils.py", line 122, in execute
    return super().execute(sql, params)
           ~~~~~~~~~~~~~~~^^^^^^^^^^^^^
  File "C:\Users\rechs\AppData\Local\Packages\PythonSoftwareFoundation.Python.3.13_qbz5n2kfra8p0\LocalCache\local-packages\Python313\site-packages\django\db\backends\utils.py", line 79, in execute
    return self._execute_with_wrappers(
           ~~~~~~~~~~~~~~~~~~~~~~~~~~~^
        sql, params, many=False, executor=self._execute
        ^^^^^^^^^^^^^^^^^^^^^^^^^^^^^^^^^^^^^^^^^^^^^^^
    )
    ^
  File "C:\Users\rechs\AppData\Local\Packages\PythonSoftwareFoundation.Python.3.13_qbz5n2kfra8p0\LocalCache\local-packages\Python313\site-packages\django\db\backends\utils.py", line 92, in _execute_with_wrappers
    return executor(sql, params, many, context)
  File "C:\Users\rechs\AppData\Local\Packages\PythonSoftwareFoundation.Python.3.13_qbz5n2kfra8p0\LocalCache\local-packages\Python313\site-packages\django\db\backends\utils.py", line 100, in _execute
    with self.db.wrap_database_errors:
         ^^^^^^^^^^^^^^^^^^^^^^^^^^^^
  File "C:\Users\rechs\AppData\Local\Packages\PythonSoftwareFoundation.Python.3.13_qbz5n2kfra8p0\LocalCache\local-packages\Python313\site-packages\django\db\utils.py", line 91, in __exit__
    raise dj_exc_value.with_traceback(traceback) from exc_value
  File "C:\Users\rechs\AppData\Local\Packages\PythonSoftwareFoundation.Python.3.13_qbz5n2kfra8p0\LocalCache\local-packages\Python313\site-packages\django\db\backends\utils.py", line 105, in _execute
    return self.cursor.execute(sql, params)
           ~~~~~~~~~~~~~~~~~~~^^^^^^^^^^^^^
  File "C:\Users\rechs\AppData\Local\Packages\PythonSoftwareFoundation.Python.3.13_qbz5n2kfra8p0\LocalCache\local-packages\Python313\site-packages\django\db\backends\sqlite3\base.py", line 360, in execute
    return super().execute(query, params)
           ~~~~~~~~~~~~~~~^^^^^^^^^^^^^^^
django.db.utils.OperationalError: no such table: django_session
"GET / HTTP/1.1" 500 174571
Internal Server Error: /admin/
Traceback (most recent call last):
  File "C:\Users\rechs\AppData\Local\Packages\PythonSoftwareFoundation.Python.3.13_qbz5n2kfra8p0\LocalCache\local-packages\Python313\site-packages\django\contrib\sessions\backends\base.py", line 244, in _get_session
    return self._session_cache
           ^^^^^^^^^^^^^^^^^^^
AttributeError: 'SessionStore' object has no attribute '_session_cache'

During handling of the above exception, another exception occurred:

Traceback (most recent call last):
  File "C:\Users\rechs\AppData\Local\Packages\PythonSoftwareFoundation.Python.3.13_qbz5n2kfra8p0\LocalCache\local-packages\Python313\site-packages\django\db\backends\utils.py", line 105, in _execute
    return self.cursor.execute(sql, params)
           ~~~~~~~~~~~~~~~~~~~^^^^^^^^^^^^^
  File "C:\Users\rechs\AppData\Local\Packages\PythonSoftwareFoundation.Python.3.13_qbz5n2kfra8p0\LocalCache\local-packages\Python313\site-packages\django\db\backends\sqlite3\base.py", line 360, in execute
    return super().execute(query, params)
           ~~~~~~~~~~~~~~~^^^^^^^^^^^^^^^
sqlite3.OperationalError: no such table: django_session

The above exception was the direct cause of the following exception:

Traceback (most recent call last):
  File "C:\Users\rechs\AppData\Local\Packages\PythonSoftwareFoundation.Python.3.13_qbz5n2kfra8p0\LocalCache\local-packages\Python313\site-packages\django\core\handlers\exception.py", line 55, in inner
    response = get_response(request)
  File "C:\Users\rechs\AppData\Local\Packages\PythonSoftwareFoundation.Python.3.13_qbz5n2kfra8p0\LocalCache\local-packages\Python313\site-packages\django\core\handlers\base.py", line 197, in _get_response
    response = wrapped_callback(request, *callback_args, **callback_kwargs)
  File "C:\Users\rechs\AppData\Local\Packages\PythonSoftwareFoundation.Python.3.13_qbz5n2kfra8p0\LocalCache\local-packages\Python313\site-packages\django\contrib\admin\sites.py", line 265, in wrapper
    return self.admin_view(view, cacheable)(*args, **kwargs)
           ~~~~~~~~~~~~~~~~~~~~~~~~~~~~~~~~^^^^^^^^^^^^^^^^^
  File "C:\Users\rechs\AppData\Local\Packages\PythonSoftwareFoundation.Python.3.13_qbz5n2kfra8p0\LocalCache\local-packages\Python313\site-packages\django\utils\decorators.py", line 192, in _view_wrapper
    result = _process_exception(request, e)
  File "C:\Users\rechs\AppData\Local\Packages\PythonSoftwareFoundation.Python.3.13_qbz5n2kfra8p0\LocalCache\local-packages\Python313\site-packages\django\utils\decorators.py", line 190, in _view_wrapper
    response = view_func(request, *args, **kwargs)
  File "C:\Users\rechs\AppData\Local\Packages\PythonSoftwareFoundation.Python.3.13_qbz5n2kfra8p0\LocalCache\local-packages\Python313\site-packages\django\views\decorators\cache.py", line 80, in _view_wrapper
    response = view_func(request, *args, **kwargs)
  File "C:\Users\rechs\AppData\Local\Packages\PythonSoftwareFoundation.Python.3.13_qbz5n2kfra8p0\LocalCache\local-packages\Python313\site-packages\django\contrib\admin\sites.py", line 234, in inner
    if not self.has_permission(request):
           ~~~~~~~~~~~~~~~~~~~^^^^^^^^^
  File "C:\Users\rechs\AppData\Local\Packages\PythonSoftwareFoundation.Python.3.13_qbz5n2kfra8p0\LocalCache\local-packages\Python313\site-packages\django\contrib\admin\sites.py", line 207, in has_permission
    return request.user.is_active and request.user.is_staff
           ^^^^^^^^^^^^^^^^^^^^^^
  File "C:\Users\rechs\AppData\Local\Packages\PythonSoftwareFoundation.Python.3.13_qbz5n2kfra8p0\LocalCache\local-packages\Python313\site-packages\django\utils\functional.py", line 251, in inner
    self._setup()
    ~~~~~~~~~~~^^
  File "C:\Users\rechs\AppData\Local\Packages\PythonSoftwareFoundation.Python.3.13_qbz5n2kfra8p0\LocalCache\local-packages\Python313\site-packages\django\utils\functional.py", line 404, in _setup
    self._wrapped = self._setupfunc()
                    ~~~~~~~~~~~~~~~^^
  File "C:\Users\rechs\AppData\Local\Packages\PythonSoftwareFoundation.Python.3.13_qbz5n2kfra8p0\LocalCache\local-packages\Python313\site-packages\django\contrib\auth\middleware.py", line 40, in <lambda>
    request.user = SimpleLazyObject(lambda: get_user(request))
                                            ~~~~~~~~^^^^^^^^^
  File "C:\Users\rechs\AppData\Local\Packages\PythonSoftwareFoundation.Python.3.13_qbz5n2kfra8p0\LocalCache\local-packages\Python313\site-packages\django\contrib\auth\middleware.py", line 20, in get_user
    request._cached_user = auth.get_user(request)
                           ~~~~~~~~~~~~~^^^^^^^^^
  File "C:\Users\rechs\AppData\Local\Packages\PythonSoftwareFoundation.Python.3.13_qbz5n2kfra8p0\LocalCache\local-packages\Python313\site-packages\django\contrib\auth\__init__.py", line 304, in get_user
    user_id = _get_user_session_key(request)
  File "C:\Users\rechs\AppData\Local\Packages\PythonSoftwareFoundation.Python.3.13_qbz5n2kfra8p0\LocalCache\local-packages\Python313\site-packages\django\contrib\auth\__init__.py", line 95, in _get_user_session_key
    return get_user_model()._meta.pk.to_python(request.session[SESSION_KEY])
                                               ~~~~~~~~~~~~~~~^^^^^^^^^^^^^
  File "C:\Users\rechs\AppData\Local\Packages\PythonSoftwareFoundation.Python.3.13_qbz5n2kfra8p0\LocalCache\local-packages\Python313\site-packages\django\contrib\sessions\backends\base.py", line 55, in __getitem__
    return self._session[key]
           ^^^^^^^^^^^^^
  File "C:\Users\rechs\AppData\Local\Packages\PythonSoftwareFoundation.Python.3.13_qbz5n2kfra8p0\LocalCache\local-packages\Python313\site-packages\django\contrib\sessions\backends\base.py", line 249, in _get_session
    self._session_cache = self.load()
                          ~~~~~~~~~^^
  File "C:\Users\rechs\AppData\Local\Packages\PythonSoftwareFoundation.Python.3.13_qbz5n2kfra8p0\LocalCache\local-packages\Python313\site-packages\django\contrib\sessions\backends\db.py", line 55, in load
    s = self._get_session_from_db()
  File "C:\Users\rechs\AppData\Local\Packages\PythonSoftwareFoundation.Python.3.13_qbz5n2kfra8p0\LocalCache\local-packages\Python313\site-packages\django\contrib\sessions\backends\db.py", line 34, in _get_session_from_db
    return self.model.objects.get(
           ~~~~~~~~~~~~~~~~~~~~~~^
        session_key=self.session_key, expire_date__gt=timezone.now()
        ^^^^^^^^^^^^^^^^^^^^^^^^^^^^^^^^^^^^^^^^^^^^^^^^^^^^^^^^^^^^
    )
    ^
  File "C:\Users\rechs\AppData\Local\Packages\PythonSoftwareFoundation.Python.3.13_qbz5n2kfra8p0\LocalCache\local-packages\Python313\site-packages\django\db\models\manager.py", line 87, in manager_method
    return getattr(self.get_queryset(), name)(*args, **kwargs)
           ~~~~~~~~~~~~~~~~~~~~~~~~~~~~~~~~~~^^^^^^^^^^^^^^^^^
  File "C:\Users\rechs\AppData\Local\Packages\PythonSoftwareFoundation.Python.3.13_qbz5n2kfra8p0\LocalCache\local-packages\Python313\site-packages\django\db\models\query.py", line 629, in get
    num = len(clone)
  File "C:\Users\rechs\AppData\Local\Packages\PythonSoftwareFoundation.Python.3.13_qbz5n2kfra8p0\LocalCache\local-packages\Python313\site-packages\django\db\models\query.py", line 366, in __len__
    self._fetch_all()
    ~~~~~~~~~~~~~~~^^
  File "C:\Users\rechs\AppData\Local\Packages\PythonSoftwareFoundation.Python.3.13_qbz5n2kfra8p0\LocalCache\local-packages\Python313\site-packages\django\db\models\query.py", line 1949, in _fetch_all
    self._result_cache = list(self._iterable_class(self))
                         ~~~~^^^^^^^^^^^^^^^^^^^^^^^^^^^^
  File "C:\Users\rechs\AppData\Local\Packages\PythonSoftwareFoundation.Python.3.13_qbz5n2kfra8p0\LocalCache\local-packages\Python313\site-packages\django\db\models\query.py", line 91, in __iter__
    results = compiler.execute_sql(
        chunked_fetch=self.chunked_fetch, chunk_size=self.chunk_size
    )
  File "C:\Users\rechs\AppData\Local\Packages\PythonSoftwareFoundation.Python.3.13_qbz5n2kfra8p0\LocalCache\local-packages\Python313\site-packages\django\db\models\sql\compiler.py", line 1623, in execute_sql
    cursor.execute(sql, params)
    ~~~~~~~~~~~~~~^^^^^^^^^^^^^
  File "C:\Users\rechs\AppData\Local\Packages\PythonSoftwareFoundation.Python.3.13_qbz5n2kfra8p0\LocalCache\local-packages\Python313\site-packages\django\db\backends\utils.py", line 122, in execute
    return super().execute(sql, params)
           ~~~~~~~~~~~~~~~^^^^^^^^^^^^^
  File "C:\Users\rechs\AppData\Local\Packages\PythonSoftwareFoundation.Python.3.13_qbz5n2kfra8p0\LocalCache\local-packages\Python313\site-packages\django\db\backends\utils.py", line 79, in execute
    return self._execute_with_wrappers(
           ~~~~~~~~~~~~~~~~~~~~~~~~~~~^
        sql, params, many=False, executor=self._execute
        ^^^^^^^^^^^^^^^^^^^^^^^^^^^^^^^^^^^^^^^^^^^^^^^
    )
    ^
  File "C:\Users\rechs\AppData\Local\Packages\PythonSoftwareFoundation.Python.3.13_qbz5n2kfra8p0\LocalCache\local-packages\Python313\site-packages\django\db\backends\utils.py", line 92, in _execute_with_wrappers
    return executor(sql, params, many, context)
  File "C:\Users\rechs\AppData\Local\Packages\PythonSoftwareFoundation.Python.3.13_qbz5n2kfra8p0\LocalCache\local-packages\Python313\site-packages\django\db\backends\utils.py", line 100, in _execute
    with self.db.wrap_database_errors:
         ^^^^^^^^^^^^^^^^^^^^^^^^^^^^
  File "C:\Users\rechs\AppData\Local\Packages\PythonSoftwareFoundation.Python.3.13_qbz5n2kfra8p0\LocalCache\local-packages\Python313\site-packages\django\db\utils.py", line 91, in __exit__
    raise dj_exc_value.with_traceback(traceback) from exc_value
  File "C:\Users\rechs\AppData\Local\Packages\PythonSoftwareFoundation.Python.3.13_qbz5n2kfra8p0\LocalCache\local-packages\Python313\site-packages\django\db\backends\utils.py", line 105, in _execute
    return self.cursor.execute(sql, params)
           ~~~~~~~~~~~~~~~~~~~^^^^^^^^^^^^^
  File "C:\Users\rechs\AppData\Local\Packages\PythonSoftwareFoundation.Python.3.13_qbz5n2kfra8p0\LocalCache\local-packages\Python313\site-packages\django\db\backends\sqlite3\base.py", line 360, in execute
    return super().execute(query, params)
           ~~~~~~~~~~~~~~~^^^^^^^^^^^^^^^
django.db.utils.OperationalError: no such table: django_session
Internal Server Error: /admin/
Traceback (most recent call last):
  File "C:\Users\rechs\AppData\Local\Packages\PythonSoftwareFoundation.Python.3.13_qbz5n2kfra8p0\LocalCache\local-packages\Python313\site-packages\django\contrib\sessions\backends\base.py", line 244, in _get_session
    return self._session_cache
           ^^^^^^^^^^^^^^^^^^^
AttributeError: 'SessionStore' object has no attribute '_session_cache'

During handling of the above exception, another exception occurred:

Traceback (most recent call last):
  File "C:\Users\rechs\AppData\Local\Packages\PythonSoftwareFoundation.Python.3.13_qbz5n2kfra8p0\LocalCache\local-packages\Python313\site-packages\django\db\backends\utils.py", line 105, in _execute
    return self.cursor.execute(sql, params)
           ~~~~~~~~~~~~~~~~~~~^^^^^^^^^^^^^
  File "C:\Users\rechs\AppData\Local\Packages\PythonSoftwareFoundation.Python.3.13_qbz5n2kfra8p0\LocalCache\local-packages\Python313\site-packages\django\db\backends\sqlite3\base.py", line 360, in execute
    return super().execute(query, params)
           ~~~~~~~~~~~~~~~^^^^^^^^^^^^^^^
sqlite3.OperationalError: no such table: django_session

The above exception was the direct cause of the following exception:

Traceback (most recent call last):
  File "C:\Users\rechs\AppData\Local\Packages\PythonSoftwareFoundation.Python.3.13_qbz5n2kfra8p0\LocalCache\local-packages\Python313\site-packages\django\core\handlers\exception.py", line 55, in inner
    response = get_response(request)
  File "C:\Users\rechs\AppData\Local\Packages\PythonSoftwareFoundation.Python.3.13_qbz5n2kfra8p0\LocalCache\local-packages\Python313\site-packages\django\utils\deprecation.py", line 122, in __call__
    response = self.process_response(request, response)
  File "C:\Users\rechs\AppData\Local\Packages\PythonSoftwareFoundation.Python.3.13_qbz5n2kfra8p0\LocalCache\local-packages\Python313\site-packages\django\contrib\sessions\middleware.py", line 48, in process_response
    if request.session.get_expire_at_browser_close():
       ~~~~~~~~~~~~~~~~~~~~~~~~~~~~~~~~~~~~~~~~~~~^^
  File "C:\Users\rechs\AppData\Local\Packages\PythonSoftwareFoundation.Python.3.13_qbz5n2kfra8p0\LocalCache\local-packages\Python313\site-packages\django\contrib\sessions\backends\base.py", line 403, in get_expire_at_browser_close
    if (expiry := self.get("_session_expiry")) is None:
                  ~~~~~~~~^^^^^^^^^^^^^^^^^^^
  File "C:\Users\rechs\AppData\Local\Packages\PythonSoftwareFoundation.Python.3.13_qbz5n2kfra8p0\LocalCache\local-packages\Python313\site-packages\django\contrib\sessions\backends\base.py", line 74, in get
    return self._session.get(key, default)
           ^^^^^^^^^^^^^
  File "C:\Users\rechs\AppData\Local\Packages\PythonSoftwareFoundation.Python.3.13_qbz5n2kfra8p0\LocalCache\local-packages\Python313\site-packages\django\contrib\sessions\backends\base.py", line 249, in _get_session
    self._session_cache = self.load()
                          ~~~~~~~~~^^
  File "C:\Users\rechs\AppData\Local\Packages\PythonSoftwareFoundation.Python.3.13_qbz5n2kfra8p0\LocalCache\local-packages\Python313\site-packages\django\contrib\sessions\backends\db.py", line 55, in load
    s = self._get_session_from_db()
  File "C:\Users\rechs\AppData\Local\Packages\PythonSoftwareFoundation.Python.3.13_qbz5n2kfra8p0\LocalCache\local-packages\Python313\site-packages\django\contrib\sessions\backends\db.py", line 34, in _get_session_from_db
    return self.model.objects.get(
           ~~~~~~~~~~~~~~~~~~~~~~^
        session_key=self.session_key, expire_date__gt=timezone.now()
        ^^^^^^^^^^^^^^^^^^^^^^^^^^^^^^^^^^^^^^^^^^^^^^^^^^^^^^^^^^^^
    )
    ^
  File "C:\Users\rechs\AppData\Local\Packages\PythonSoftwareFoundation.Python.3.13_qbz5n2kfra8p0\LocalCache\local-packages\Python313\site-packages\django\db\models\manager.py", line 87, in manager_method
    return getattr(self.get_queryset(), name)(*args, **kwargs)
           ~~~~~~~~~~~~~~~~~~~~~~~~~~~~~~~~~~^^^^^^^^^^^^^^^^^
  File "C:\Users\rechs\AppData\Local\Packages\PythonSoftwareFoundation.Python.3.13_qbz5n2kfra8p0\LocalCache\local-packages\Python313\site-packages\django\db\models\query.py", line 629, in get
    num = len(clone)
  File "C:\Users\rechs\AppData\Local\Packages\PythonSoftwareFoundation.Python.3.13_qbz5n2kfra8p0\LocalCache\local-packages\Python313\site-packages\django\db\models\query.py", line 366, in __len__
    self._fetch_all()
    ~~~~~~~~~~~~~~~^^
  File "C:\Users\rechs\AppData\Local\Packages\PythonSoftwareFoundation.Python.3.13_qbz5n2kfra8p0\LocalCache\local-packages\Python313\site-packages\django\db\models\query.py", line 1949, in _fetch_all
    self._result_cache = list(self._iterable_class(self))
                         ~~~~^^^^^^^^^^^^^^^^^^^^^^^^^^^^
  File "C:\Users\rechs\AppData\Local\Packages\PythonSoftwareFoundation.Python.3.13_qbz5n2kfra8p0\LocalCache\local-packages\Python313\site-packages\django\db\models\query.py", line 91, in __iter__
    results = compiler.execute_sql(
        chunked_fetch=self.chunked_fetch, chunk_size=self.chunk_size
    )
  File "C:\Users\rechs\AppData\Local\Packages\PythonSoftwareFoundation.Python.3.13_qbz5n2kfra8p0\LocalCache\local-packages\Python313\site-packages\django\db\models\sql\compiler.py", line 1623, in execute_sql
    cursor.execute(sql, params)
    ~~~~~~~~~~~~~~^^^^^^^^^^^^^
  File "C:\Users\rechs\AppData\Local\Packages\PythonSoftwareFoundation.Python.3.13_qbz5n2kfra8p0\LocalCache\local-packages\Python313\site-packages\django\db\backends\utils.py", line 122, in execute
    return super().execute(sql, params)
           ~~~~~~~~~~~~~~~^^^^^^^^^^^^^
  File "C:\Users\rechs\AppData\Local\Packages\PythonSoftwareFoundation.Python.3.13_qbz5n2kfra8p0\LocalCache\local-packages\Python313\site-packages\django\db\backends\utils.py", line 79, in execute
    return self._execute_with_wrappers(
           ~~~~~~~~~~~~~~~~~~~~~~~~~~~^
        sql, params, many=False, executor=self._execute
        ^^^^^^^^^^^^^^^^^^^^^^^^^^^^^^^^^^^^^^^^^^^^^^^
    )
    ^
  File "C:\Users\rechs\AppData\Local\Packages\PythonSoftwareFoundation.Python.3.13_qbz5n2kfra8p0\LocalCache\local-packages\Python313\site-packages\django\db\backends\utils.py", line 92, in _execute_with_wrappers
    return executor(sql, params, many, context)
  File "C:\Users\rechs\AppData\Local\Packages\PythonSoftwareFoundation.Python.3.13_qbz5n2kfra8p0\LocalCache\local-packages\Python313\site-packages\django\db\backends\utils.py", line 100, in _execute
    with self.db.wrap_database_errors:
         ^^^^^^^^^^^^^^^^^^^^^^^^^^^^
  File "C:\Users\rechs\AppData\Local\Packages\PythonSoftwareFoundation.Python.3.13_qbz5n2kfra8p0\LocalCache\local-packages\Python313\site-packages\django\db\utils.py", line 91, in __exit__
    raise dj_exc_value.with_traceback(traceback) from exc_value
  File "C:\Users\rechs\AppData\Local\Packages\PythonSoftwareFoundation.Python.3.13_qbz5n2kfra8p0\LocalCache\local-packages\Python313\site-packages\django\db\backends\utils.py", line 105, in _execute
    return self.cursor.execute(sql, params)
           ~~~~~~~~~~~~~~~~~~~^^^^^^^^^^^^^
  File "C:\Users\rechs\AppData\Local\Packages\PythonSoftwareFoundation.Python.3.13_qbz5n2kfra8p0\LocalCache\local-packages\Python313\site-packages\django\db\backends\sqlite3\base.py", line 360, in execute
    return super().execute(query, params)
           ~~~~~~~~~~~~~~~^^^^^^^^^^^^^^^
django.db.utils.OperationalError: no such table: django_session
"GET /admin/ HTTP/1.1" 500 174996
Internal Server Error: /admin/
Traceback (most recent call last):
  File "C:\Users\rechs\AppData\Local\Packages\PythonSoftwareFoundation.Python.3.13_qbz5n2kfra8p0\LocalCache\local-packages\Python313\site-packages\django\contrib\sessions\backends\base.py", line 244, in _get_session
    return self._session_cache
           ^^^^^^^^^^^^^^^^^^^
AttributeError: 'SessionStore' object has no attribute '_session_cache'

During handling of the above exception, another exception occurred:

Traceback (most recent call last):
  File "C:\Users\rechs\AppData\Local\Packages\PythonSoftwareFoundation.Python.3.13_qbz5n2kfra8p0\LocalCache\local-packages\Python313\site-packages\django\db\backends\utils.py", line 105, in _execute
    return self.cursor.execute(sql, params)
           ~~~~~~~~~~~~~~~~~~~^^^^^^^^^^^^^
  File "C:\Users\rechs\AppData\Local\Packages\PythonSoftwareFoundation.Python.3.13_qbz5n2kfra8p0\LocalCache\local-packages\Python313\site-packages\django\db\backends\sqlite3\base.py", line 360, in execute
    return super().execute(query, params)
           ~~~~~~~~~~~~~~~^^^^^^^^^^^^^^^
sqlite3.OperationalError: no such table: django_session

The above exception was the direct cause of the following exception:

Traceback (most recent call last):
  File "C:\Users\rechs\AppData\Local\Packages\PythonSoftwareFoundation.Python.3.13_qbz5n2kfra8p0\LocalCache\local-packages\Python313\site-packages\django\core\handlers\exception.py", line 55, in inner
    response = get_response(request)
  File "C:\Users\rechs\AppData\Local\Packages\PythonSoftwareFoundation.Python.3.13_qbz5n2kfra8p0\LocalCache\local-packages\Python313\site-packages\django\core\handlers\base.py", line 197, in _get_response
    response = wrapped_callback(request, *callback_args, **callback_kwargs)
  File "C:\Users\rechs\AppData\Local\Packages\PythonSoftwareFoundation.Python.3.13_qbz5n2kfra8p0\LocalCache\local-packages\Python313\site-packages\django\contrib\admin\sites.py", line 265, in wrapper
    return self.admin_view(view, cacheable)(*args, **kwargs)
           ~~~~~~~~~~~~~~~~~~~~~~~~~~~~~~~~^^^^^^^^^^^^^^^^^
  File "C:\Users\rechs\AppData\Local\Packages\PythonSoftwareFoundation.Python.3.13_qbz5n2kfra8p0\LocalCache\local-packages\Python313\site-packages\django\utils\decorators.py", line 192, in _view_wrapper
    result = _process_exception(request, e)
  File "C:\Users\rechs\AppData\Local\Packages\PythonSoftwareFoundation.Python.3.13_qbz5n2kfra8p0\LocalCache\local-packages\Python313\site-packages\django\utils\decorators.py", line 190, in _view_wrapper
    response = view_func(request, *args, **kwargs)
  File "C:\Users\rechs\AppData\Local\Packages\PythonSoftwareFoundation.Python.3.13_qbz5n2kfra8p0\LocalCache\local-packages\Python313\site-packages\django\views\decorators\cache.py", line 80, in _view_wrapper
    response = view_func(request, *args, **kwargs)
  File "C:\Users\rechs\AppData\Local\Packages\PythonSoftwareFoundation.Python.3.13_qbz5n2kfra8p0\LocalCache\local-packages\Python313\site-packages\django\contrib\admin\sites.py", line 234, in inner
    if not self.has_permission(request):
           ~~~~~~~~~~~~~~~~~~~^^^^^^^^^
  File "C:\Users\rechs\AppData\Local\Packages\PythonSoftwareFoundation.Python.3.13_qbz5n2kfra8p0\LocalCache\local-packages\Python313\site-packages\django\contrib\admin\sites.py", line 207, in has_permission
    return request.user.is_active and request.user.is_staff
           ^^^^^^^^^^^^^^^^^^^^^^
  File "C:\Users\rechs\AppData\Local\Packages\PythonSoftwareFoundation.Python.3.13_qbz5n2kfra8p0\LocalCache\local-packages\Python313\site-packages\django\utils\functional.py", line 251, in inner
    self._setup()
    ~~~~~~~~~~~^^
  File "C:\Users\rechs\AppData\Local\Packages\PythonSoftwareFoundation.Python.3.13_qbz5n2kfra8p0\LocalCache\local-packages\Python313\site-packages\django\utils\functional.py", line 404, in _setup
    self._wrapped = self._setupfunc()
                    ~~~~~~~~~~~~~~~^^
  File "C:\Users\rechs\AppData\Local\Packages\PythonSoftwareFoundation.Python.3.13_qbz5n2kfra8p0\LocalCache\local-packages\Python313\site-packages\django\contrib\auth\middleware.py", line 40, in <lambda>
    request.user = SimpleLazyObject(lambda: get_user(request))
                                            ~~~~~~~~^^^^^^^^^
  File "C:\Users\rechs\AppData\Local\Packages\PythonSoftwareFoundation.Python.3.13_qbz5n2kfra8p0\LocalCache\local-packages\Python313\site-packages\django\contrib\auth\middleware.py", line 20, in get_user
    request._cached_user = auth.get_user(request)
                           ~~~~~~~~~~~~~^^^^^^^^^
  File "C:\Users\rechs\AppData\Local\Packages\PythonSoftwareFoundation.Python.3.13_qbz5n2kfra8p0\LocalCache\local-packages\Python313\site-packages\django\contrib\auth\__init__.py", line 304, in get_user
    user_id = _get_user_session_key(request)
  File "C:\Users\rechs\AppData\Local\Packages\PythonSoftwareFoundation.Python.3.13_qbz5n2kfra8p0\LocalCache\local-packages\Python313\site-packages\django\contrib\auth\__init__.py", line 95, in _get_user_session_key
    return get_user_model()._meta.pk.to_python(request.session[SESSION_KEY])
                                               ~~~~~~~~~~~~~~~^^^^^^^^^^^^^
  File "C:\Users\rechs\AppData\Local\Packages\PythonSoftwareFoundation.Python.3.13_qbz5n2kfra8p0\LocalCache\local-packages\Python313\site-packages\django\contrib\sessions\backends\base.py", line 55, in __getitem__
    return self._session[key]
           ^^^^^^^^^^^^^
  File "C:\Users\rechs\AppData\Local\Packages\PythonSoftwareFoundation.Python.3.13_qbz5n2kfra8p0\LocalCache\local-packages\Python313\site-packages\django\contrib\sessions\backends\base.py", line 249, in _get_session
    self._session_cache = self.load()
                          ~~~~~~~~~^^
  File "C:\Users\rechs\AppData\Local\Packages\PythonSoftwareFoundation.Python.3.13_qbz5n2kfra8p0\LocalCache\local-packages\Python313\site-packages\django\contrib\sessions\backends\db.py", line 55, in load
    s = self._get_session_from_db()
  File "C:\Users\rechs\AppData\Local\Packages\PythonSoftwareFoundation.Python.3.13_qbz5n2kfra8p0\LocalCache\local-packages\Python313\site-packages\django\contrib\sessions\backends\db.py", line 34, in _get_session_from_db
    return self.model.objects.get(
           ~~~~~~~~~~~~~~~~~~~~~~^
        session_key=self.session_key, expire_date__gt=timezone.now()
        ^^^^^^^^^^^^^^^^^^^^^^^^^^^^^^^^^^^^^^^^^^^^^^^^^^^^^^^^^^^^
    )
    ^
  File "C:\Users\rechs\AppData\Local\Packages\PythonSoftwareFoundation.Python.3.13_qbz5n2kfra8p0\LocalCache\local-packages\Python313\site-packages\django\db\models\manager.py", line 87, in manager_method
    return getattr(self.get_queryset(), name)(*args, **kwargs)
           ~~~~~~~~~~~~~~~~~~~~~~~~~~~~~~~~~~^^^^^^^^^^^^^^^^^
  File "C:\Users\rechs\AppData\Local\Packages\PythonSoftwareFoundation.Python.3.13_qbz5n2kfra8p0\LocalCache\local-packages\Python313\site-packages\django\db\models\query.py", line 629, in get
    num = len(clone)
  File "C:\Users\rechs\AppData\Local\Packages\PythonSoftwareFoundation.Python.3.13_qbz5n2kfra8p0\LocalCache\local-packages\Python313\site-packages\django\db\models\query.py", line 366, in __len__
    self._fetch_all()
    ~~~~~~~~~~~~~~~^^
  File "C:\Users\rechs\AppData\Local\Packages\PythonSoftwareFoundation.Python.3.13_qbz5n2kfra8p0\LocalCache\local-packages\Python313\site-packages\django\db\models\query.py", line 1949, in _fetch_all
    self._result_cache = list(self._iterable_class(self))
                         ~~~~^^^^^^^^^^^^^^^^^^^^^^^^^^^^
  File "C:\Users\rechs\AppData\Local\Packages\PythonSoftwareFoundation.Python.3.13_qbz5n2kfra8p0\LocalCache\local-packages\Python313\site-packages\django\db\models\query.py", line 91, in __iter__
    results = compiler.execute_sql(
        chunked_fetch=self.chunked_fetch, chunk_size=self.chunk_size
    )
  File "C:\Users\rechs\AppData\Local\Packages\PythonSoftwareFoundation.Python.3.13_qbz5n2kfra8p0\LocalCache\local-packages\Python313\site-packages\django\db\models\sql\compiler.py", line 1623, in execute_sql
    cursor.execute(sql, params)
    ~~~~~~~~~~~~~~^^^^^^^^^^^^^
  File "C:\Users\rechs\AppData\Local\Packages\PythonSoftwareFoundation.Python.3.13_qbz5n2kfra8p0\LocalCache\local-packages\Python313\site-packages\django\db\backends\utils.py", line 122, in execute
    return super().execute(sql, params)
           ~~~~~~~~~~~~~~~^^^^^^^^^^^^^
  File "C:\Users\rechs\AppData\Local\Packages\PythonSoftwareFoundation.Python.3.13_qbz5n2kfra8p0\LocalCache\local-packages\Python313\site-packages\django\db\backends\utils.py", line 79, in execute
    return self._execute_with_wrappers(
           ~~~~~~~~~~~~~~~~~~~~~~~~~~~^
        sql, params, many=False, executor=self._execute
        ^^^^^^^^^^^^^^^^^^^^^^^^^^^^^^^^^^^^^^^^^^^^^^^
    )
    ^
  File "C:\Users\rechs\AppData\Local\Packages\PythonSoftwareFoundation.Python.3.13_qbz5n2kfra8p0\LocalCache\local-packages\Python313\site-packages\django\db\backends\utils.py", line 92, in _execute_with_wrappers
    return executor(sql, params, many, context)
  File "C:\Users\rechs\AppData\Local\Packages\PythonSoftwareFoundation.Python.3.13_qbz5n2kfra8p0\LocalCache\local-packages\Python313\site-packages\django\db\backends\utils.py", line 100, in _execute
    with self.db.wrap_database_errors:
         ^^^^^^^^^^^^^^^^^^^^^^^^^^^^
  File "C:\Users\rechs\AppData\Local\Packages\PythonSoftwareFoundation.Python.3.13_qbz5n2kfra8p0\LocalCache\local-packages\Python313\site-packages\django\db\utils.py", line 91, in __exit__
    raise dj_exc_value.with_traceback(traceback) from exc_value
  File "C:\Users\rechs\AppData\Local\Packages\PythonSoftwareFoundation.Python.3.13_qbz5n2kfra8p0\LocalCache\local-packages\Python313\site-packages\django\db\backends\utils.py", line 105, in _execute
    return self.cursor.execute(sql, params)
           ~~~~~~~~~~~~~~~~~~~^^^^^^^^^^^^^
  File "C:\Users\rechs\AppData\Local\Packages\PythonSoftwareFoundation.Python.3.13_qbz5n2kfra8p0\LocalCache\local-packages\Python313\site-packages\django\db\backends\sqlite3\base.py", line 360, in execute
    return super().execute(query, params)
           ~~~~~~~~~~~~~~~^^^^^^^^^^^^^^^
django.db.utils.OperationalError: no such table: django_session
Internal Server Error: /admin/
Traceback (most recent call last):
  File "C:\Users\rechs\AppData\Local\Packages\PythonSoftwareFoundation.Python.3.13_qbz5n2kfra8p0\LocalCache\local-packages\Python313\site-packages\django\contrib\sessions\backends\base.py", line 244, in _get_session
    return self._session_cache
           ^^^^^^^^^^^^^^^^^^^
AttributeError: 'SessionStore' object has no attribute '_session_cache'

During handling of the above exception, another exception occurred:

Traceback (most recent call last):
  File "C:\Users\rechs\AppData\Local\Packages\PythonSoftwareFoundation.Python.3.13_qbz5n2kfra8p0\LocalCache\local-packages\Python313\site-packages\django\db\backends\utils.py", line 105, in _execute
    return self.cursor.execute(sql, params)
           ~~~~~~~~~~~~~~~~~~~^^^^^^^^^^^^^
  File "C:\Users\rechs\AppData\Local\Packages\PythonSoftwareFoundation.Python.3.13_qbz5n2kfra8p0\LocalCache\local-packages\Python313\site-packages\django\db\backends\sqlite3\base.py", line 360, in execute
    return super().execute(query, params)
           ~~~~~~~~~~~~~~~^^^^^^^^^^^^^^^
sqlite3.OperationalError: no such table: django_session

The above exception was the direct cause of the following exception:

Traceback (most recent call last):
  File "C:\Users\rechs\AppData\Local\Packages\PythonSoftwareFoundation.Python.3.13_qbz5n2kfra8p0\LocalCache\local-packages\Python313\site-packages\django\core\handlers\exception.py", line 55, in inner
    response = get_response(request)
  File "C:\Users\rechs\AppData\Local\Packages\PythonSoftwareFoundation.Python.3.13_qbz5n2kfra8p0\LocalCache\local-packages\Python313\site-packages\django\utils\deprecation.py", line 122, in __call__
    response = self.process_response(request, response)
  File "C:\Users\rechs\AppData\Local\Packages\PythonSoftwareFoundation.Python.3.13_qbz5n2kfra8p0\LocalCache\local-packages\Python313\site-packages\django\contrib\sessions\middleware.py", line 48, in process_response
    if request.session.get_expire_at_browser_close():
       ~~~~~~~~~~~~~~~~~~~~~~~~~~~~~~~~~~~~~~~~~~~^^
  File "C:\Users\rechs\AppData\Local\Packages\PythonSoftwareFoundation.Python.3.13_qbz5n2kfra8p0\LocalCache\local-packages\Python313\site-packages\django\contrib\sessions\backends\base.py", line 403, in get_expire_at_browser_close
    if (expiry := self.get("_session_expiry")) is None:
                  ~~~~~~~~^^^^^^^^^^^^^^^^^^^
  File "C:\Users\rechs\AppData\Local\Packages\PythonSoftwareFoundation.Python.3.13_qbz5n2kfra8p0\LocalCache\local-packages\Python313\site-packages\django\contrib\sessions\backends\base.py", line 74, in get
    return self._session.get(key, default)
           ^^^^^^^^^^^^^
  File "C:\Users\rechs\AppData\Local\Packages\PythonSoftwareFoundation.Python.3.13_qbz5n2kfra8p0\LocalCache\local-packages\Python313\site-packages\django\contrib\sessions\backends\base.py", line 249, in _get_session
    self._session_cache = self.load()
                          ~~~~~~~~~^^
  File "C:\Users\rechs\AppData\Local\Packages\PythonSoftwareFoundation.Python.3.13_qbz5n2kfra8p0\LocalCache\local-packages\Python313\site-packages\django\contrib\sessions\backends\db.py", line 55, in load
    s = self._get_session_from_db()
  File "C:\Users\rechs\AppData\Local\Packages\PythonSoftwareFoundation.Python.3.13_qbz5n2kfra8p0\LocalCache\local-packages\Python313\site-packages\django\contrib\sessions\backends\db.py", line 34, in _get_session_from_db
    return self.model.objects.get(
           ~~~~~~~~~~~~~~~~~~~~~~^
        session_key=self.session_key, expire_date__gt=timezone.now()
        ^^^^^^^^^^^^^^^^^^^^^^^^^^^^^^^^^^^^^^^^^^^^^^^^^^^^^^^^^^^^
    )
    ^
  File "C:\Users\rechs\AppData\Local\Packages\PythonSoftwareFoundation.Python.3.13_qbz5n2kfra8p0\LocalCache\local-packages\Python313\site-packages\django\db\models\manager.py", line 87, in manager_method
    return getattr(self.get_queryset(), name)(*args, **kwargs)
           ~~~~~~~~~~~~~~~~~~~~~~~~~~~~~~~~~~^^^^^^^^^^^^^^^^^
  File "C:\Users\rechs\AppData\Local\Packages\PythonSoftwareFoundation.Python.3.13_qbz5n2kfra8p0\LocalCache\local-packages\Python313\site-packages\django\db\models\query.py", line 629, in get
    num = len(clone)
  File "C:\Users\rechs\AppData\Local\Packages\PythonSoftwareFoundation.Python.3.13_qbz5n2kfra8p0\LocalCache\local-packages\Python313\site-packages\django\db\models\query.py", line 366, in __len__
    self._fetch_all()
    ~~~~~~~~~~~~~~~^^
  File "C:\Users\rechs\AppData\Local\Packages\PythonSoftwareFoundation.Python.3.13_qbz5n2kfra8p0\LocalCache\local-packages\Python313\site-packages\django\db\models\query.py", line 1949, in _fetch_all
    self._result_cache = list(self._iterable_class(self))
                         ~~~~^^^^^^^^^^^^^^^^^^^^^^^^^^^^
  File "C:\Users\rechs\AppData\Local\Packages\PythonSoftwareFoundation.Python.3.13_qbz5n2kfra8p0\LocalCache\local-packages\Python313\site-packages\django\db\models\query.py", line 91, in __iter__
    results = compiler.execute_sql(
        chunked_fetch=self.chunked_fetch, chunk_size=self.chunk_size
    )
  File "C:\Users\rechs\AppData\Local\Packages\PythonSoftwareFoundation.Python.3.13_qbz5n2kfra8p0\LocalCache\local-packages\Python313\site-packages\django\db\models\sql\compiler.py", line 1623, in execute_sql
    cursor.execute(sql, params)
    ~~~~~~~~~~~~~~^^^^^^^^^^^^^
  File "C:\Users\rechs\AppData\Local\Packages\PythonSoftwareFoundation.Python.3.13_qbz5n2kfra8p0\LocalCache\local-packages\Python313\site-packages\django\db\backends\utils.py", line 122, in execute
    return super().execute(sql, params)
           ~~~~~~~~~~~~~~~^^^^^^^^^^^^^
  File "C:\Users\rechs\AppData\Local\Packages\PythonSoftwareFoundation.Python.3.13_qbz5n2kfra8p0\LocalCache\local-packages\Python313\site-packages\django\db\backends\utils.py", line 79, in execute
    return self._execute_with_wrappers(
           ~~~~~~~~~~~~~~~~~~~~~~~~~~~^
        sql, params, many=False, executor=self._execute
        ^^^^^^^^^^^^^^^^^^^^^^^^^^^^^^^^^^^^^^^^^^^^^^^
    )
    ^
  File "C:\Users\rechs\AppData\Local\Packages\PythonSoftwareFoundation.Python.3.13_qbz5n2kfra8p0\LocalCache\local-packages\Python313\site-packages\django\db\backends\utils.py", line 92, in _execute_with_wrappers
    return executor(sql, params, many, context)
  File "C:\Users\rechs\AppData\Local\Packages\PythonSoftwareFoundation.Python.3.13_qbz5n2kfra8p0\LocalCache\local-packages\Python313\site-packages\django\db\backends\utils.py", line 100, in _execute
    with self.db.wrap_database_errors:
         ^^^^^^^^^^^^^^^^^^^^^^^^^^^^
  File "C:\Users\rechs\AppData\Local\Packages\PythonSoftwareFoundation.Python.3.13_qbz5n2kfra8p0\LocalCache\local-packages\Python313\site-packages\django\db\utils.py", line 91, in __exit__
    raise dj_exc_value.with_traceback(traceback) from exc_value
  File "C:\Users\rechs\AppData\Local\Packages\PythonSoftwareFoundation.Python.3.13_qbz5n2kfra8p0\LocalCache\local-packages\Python313\site-packages\django\db\backends\utils.py", line 105, in _execute
    return self.cursor.execute(sql, params)
           ~~~~~~~~~~~~~~~~~~~^^^^^^^^^^^^^
  File "C:\Users\rechs\AppData\Local\Packages\PythonSoftwareFoundation.Python.3.13_qbz5n2kfra8p0\LocalCache\local-packages\Python313\site-packages\django\db\backends\sqlite3\base.py", line 360, in execute
    return super().execute(query, params)
           ~~~~~~~~~~~~~~~^^^^^^^^^^^^^^^
django.db.utils.OperationalError: no such table: django_session
"GET /admin/ HTTP/1.1" 500 174722
Internal Server Error: /admin/
Traceback (most recent call last):
  File "C:\Users\rechs\AppData\Local\Packages\PythonSoftwareFoundation.Python.3.13_qbz5n2kfra8p0\LocalCache\local-packages\Python313\site-packages\django\contrib\sessions\backends\base.py", line 244, in _get_session
    return self._session_cache
           ^^^^^^^^^^^^^^^^^^^
AttributeError: 'SessionStore' object has no attribute '_session_cache'

During handling of the above exception, another exception occurred:

Traceback (most recent call last):
  File "C:\Users\rechs\AppData\Local\Packages\PythonSoftwareFoundation.Python.3.13_qbz5n2kfra8p0\LocalCache\local-packages\Python313\site-packages\django\db\backends\utils.py", line 105, in _execute
    return self.cursor.execute(sql, params)
           ~~~~~~~~~~~~~~~~~~~^^^^^^^^^^^^^
  File "C:\Users\rechs\AppData\Local\Packages\PythonSoftwareFoundation.Python.3.13_qbz5n2kfra8p0\LocalCache\local-packages\Python313\site-packages\django\db\backends\sqlite3\base.py", line 360, in execute
    return super().execute(query, params)
           ~~~~~~~~~~~~~~~^^^^^^^^^^^^^^^
sqlite3.OperationalError: no such table: django_session

The above exception was the direct cause of the following exception:

Traceback (most recent call last):
  File "C:\Users\rechs\AppData\Local\Packages\PythonSoftwareFoundation.Python.3.13_qbz5n2kfra8p0\LocalCache\local-packages\Python313\site-packages\django\core\handlers\exception.py", line 55, in inner
    response = get_response(request)
  File "C:\Users\rechs\AppData\Local\Packages\PythonSoftwareFoundation.Python.3.13_qbz5n2kfra8p0\LocalCache\local-packages\Python313\site-packages\django\core\handlers\base.py", line 197, in _get_response
    response = wrapped_callback(request, *callback_args, **callback_kwargs)
  File "C:\Users\rechs\AppData\Local\Packages\PythonSoftwareFoundation.Python.3.13_qbz5n2kfra8p0\LocalCache\local-packages\Python313\site-packages\django\contrib\admin\sites.py", line 265, in wrapper
    return self.admin_view(view, cacheable)(*args, **kwargs)
           ~~~~~~~~~~~~~~~~~~~~~~~~~~~~~~~~^^^^^^^^^^^^^^^^^
  File "C:\Users\rechs\AppData\Local\Packages\PythonSoftwareFoundation.Python.3.13_qbz5n2kfra8p0\LocalCache\local-packages\Python313\site-packages\django\utils\decorators.py", line 192, in _view_wrapper
    result = _process_exception(request, e)
  File "C:\Users\rechs\AppData\Local\Packages\PythonSoftwareFoundation.Python.3.13_qbz5n2kfra8p0\LocalCache\local-packages\Python313\site-packages\django\utils\decorators.py", line 190, in _view_wrapper
    response = view_func(request, *args, **kwargs)
  File "C:\Users\rechs\AppData\Local\Packages\PythonSoftwareFoundation.Python.3.13_qbz5n2kfra8p0\LocalCache\local-packages\Python313\site-packages\django\views\decorators\cache.py", line 80, in _view_wrapper
    response = view_func(request, *args, **kwargs)
  File "C:\Users\rechs\AppData\Local\Packages\PythonSoftwareFoundation.Python.3.13_qbz5n2kfra8p0\LocalCache\local-packages\Python313\site-packages\django\contrib\admin\sites.py", line 234, in inner
    if not self.has_permission(request):
           ~~~~~~~~~~~~~~~~~~~^^^^^^^^^
  File "C:\Users\rechs\AppData\Local\Packages\PythonSoftwareFoundation.Python.3.13_qbz5n2kfra8p0\LocalCache\local-packages\Python313\site-packages\django\contrib\admin\sites.py", line 207, in has_permission
    return request.user.is_active and request.user.is_staff
           ^^^^^^^^^^^^^^^^^^^^^^
  File "C:\Users\rechs\AppData\Local\Packages\PythonSoftwareFoundation.Python.3.13_qbz5n2kfra8p0\LocalCache\local-packages\Python313\site-packages\django\utils\functional.py", line 251, in inner
    self._setup()
    ~~~~~~~~~~~^^
  File "C:\Users\rechs\AppData\Local\Packages\PythonSoftwareFoundation.Python.3.13_qbz5n2kfra8p0\LocalCache\local-packages\Python313\site-packages\django\utils\functional.py", line 404, in _setup
    self._wrapped = self._setupfunc()
                    ~~~~~~~~~~~~~~~^^
  File "C:\Users\rechs\AppData\Local\Packages\PythonSoftwareFoundation.Python.3.13_qbz5n2kfra8p0\LocalCache\local-packages\Python313\site-packages\django\contrib\auth\middleware.py", line 40, in <lambda>
    request.user = SimpleLazyObject(lambda: get_user(request))
                                            ~~~~~~~~^^^^^^^^^
  File "C:\Users\rechs\AppData\Local\Packages\PythonSoftwareFoundation.Python.3.13_qbz5n2kfra8p0\LocalCache\local-packages\Python313\site-packages\django\contrib\auth\middleware.py", line 20, in get_user
    request._cached_user = auth.get_user(request)
                           ~~~~~~~~~~~~~^^^^^^^^^
  File "C:\Users\rechs\AppData\Local\Packages\PythonSoftwareFoundation.Python.3.13_qbz5n2kfra8p0\LocalCache\local-packages\Python313\site-packages\django\contrib\auth\__init__.py", line 304, in get_user
    user_id = _get_user_session_key(request)
  File "C:\Users\rechs\AppData\Local\Packages\PythonSoftwareFoundation.Python.3.13_qbz5n2kfra8p0\LocalCache\local-packages\Python313\site-packages\django\contrib\auth\__init__.py", line 95, in _get_user_session_key
    return get_user_model()._meta.pk.to_python(request.session[SESSION_KEY])
                                               ~~~~~~~~~~~~~~~^^^^^^^^^^^^^
  File "C:\Users\rechs\AppData\Local\Packages\PythonSoftwareFoundation.Python.3.13_qbz5n2kfra8p0\LocalCache\local-packages\Python313\site-packages\django\contrib\sessions\backends\base.py", line 55, in __getitem__
    return self._session[key]
           ^^^^^^^^^^^^^
  File "C:\Users\rechs\AppData\Local\Packages\PythonSoftwareFoundation.Python.3.13_qbz5n2kfra8p0\LocalCache\local-packages\Python313\site-packages\django\contrib\sessions\backends\base.py", line 249, in _get_session
    self._session_cache = self.load()
                          ~~~~~~~~~^^
  File "C:\Users\rechs\AppData\Local\Packages\PythonSoftwareFoundation.Python.3.13_qbz5n2kfra8p0\LocalCache\local-packages\Python313\site-packages\django\contrib\sessions\backends\db.py", line 55, in load
    s = self._get_session_from_db()
  File "C:\Users\rechs\AppData\Local\Packages\PythonSoftwareFoundation.Python.3.13_qbz5n2kfra8p0\LocalCache\local-packages\Python313\site-packages\django\contrib\sessions\backends\db.py", line 34, in _get_session_from_db
    return self.model.objects.get(
           ~~~~~~~~~~~~~~~~~~~~~~^
        session_key=self.session_key, expire_date__gt=timezone.now()
        ^^^^^^^^^^^^^^^^^^^^^^^^^^^^^^^^^^^^^^^^^^^^^^^^^^^^^^^^^^^^
    )
    ^
  File "C:\Users\rechs\AppData\Local\Packages\PythonSoftwareFoundation.Python.3.13_qbz5n2kfra8p0\LocalCache\local-packages\Python313\site-packages\django\db\models\manager.py", line 87, in manager_method
    return getattr(self.get_queryset(), name)(*args, **kwargs)
           ~~~~~~~~~~~~~~~~~~~~~~~~~~~~~~~~~~^^^^^^^^^^^^^^^^^
  File "C:\Users\rechs\AppData\Local\Packages\PythonSoftwareFoundation.Python.3.13_qbz5n2kfra8p0\LocalCache\local-packages\Python313\site-packages\django\db\models\query.py", line 629, in get
    num = len(clone)
  File "C:\Users\rechs\AppData\Local\Packages\PythonSoftwareFoundation.Python.3.13_qbz5n2kfra8p0\LocalCache\local-packages\Python313\site-packages\django\db\models\query.py", line 366, in __len__
    self._fetch_all()
    ~~~~~~~~~~~~~~~^^
  File "C:\Users\rechs\AppData\Local\Packages\PythonSoftwareFoundation.Python.3.13_qbz5n2kfra8p0\LocalCache\local-packages\Python313\site-packages\django\db\models\query.py", line 1949, in _fetch_all
    self._result_cache = list(self._iterable_class(self))
                         ~~~~^^^^^^^^^^^^^^^^^^^^^^^^^^^^
  File "C:\Users\rechs\AppData\Local\Packages\PythonSoftwareFoundation.Python.3.13_qbz5n2kfra8p0\LocalCache\local-packages\Python313\site-packages\django\db\models\query.py", line 91, in __iter__
    results = compiler.execute_sql(
        chunked_fetch=self.chunked_fetch, chunk_size=self.chunk_size
    )
  File "C:\Users\rechs\AppData\Local\Packages\PythonSoftwareFoundation.Python.3.13_qbz5n2kfra8p0\LocalCache\local-packages\Python313\site-packages\django\db\models\sql\compiler.py", line 1623, in execute_sql
    cursor.execute(sql, params)
    ~~~~~~~~~~~~~~^^^^^^^^^^^^^
  File "C:\Users\rechs\AppData\Local\Packages\PythonSoftwareFoundation.Python.3.13_qbz5n2kfra8p0\LocalCache\local-packages\Python313\site-packages\django\db\backends\utils.py", line 122, in execute
    return super().execute(sql, params)
           ~~~~~~~~~~~~~~~^^^^^^^^^^^^^
  File "C:\Users\rechs\AppData\Local\Packages\PythonSoftwareFoundation.Python.3.13_qbz5n2kfra8p0\LocalCache\local-packages\Python313\site-packages\django\db\backends\utils.py", line 79, in execute
    return self._execute_with_wrappers(
           ~~~~~~~~~~~~~~~~~~~~~~~~~~~^
        sql, params, many=False, executor=self._execute
        ^^^^^^^^^^^^^^^^^^^^^^^^^^^^^^^^^^^^^^^^^^^^^^^
    )
    ^
  File "C:\Users\rechs\AppData\Local\Packages\PythonSoftwareFoundation.Python.3.13_qbz5n2kfra8p0\LocalCache\local-packages\Python313\site-packages\django\db\backends\utils.py", line 92, in _execute_with_wrappers
    return executor(sql, params, many, context)
  File "C:\Users\rechs\AppData\Local\Packages\PythonSoftwareFoundation.Python.3.13_qbz5n2kfra8p0\LocalCache\local-packages\Python313\site-packages\django\db\backends\utils.py", line 100, in _execute
    with self.db.wrap_database_errors:
         ^^^^^^^^^^^^^^^^^^^^^^^^^^^^
  File "C:\Users\rechs\AppData\Local\Packages\PythonSoftwareFoundation.Python.3.13_qbz5n2kfra8p0\LocalCache\local-packages\Python313\site-packages\django\db\utils.py", line 91, in __exit__
    raise dj_exc_value.with_traceback(traceback) from exc_value
  File "C:\Users\rechs\AppData\Local\Packages\PythonSoftwareFoundation.Python.3.13_qbz5n2kfra8p0\LocalCache\local-packages\Python313\site-packages\django\db\backends\utils.py", line 105, in _execute
    return self.cursor.execute(sql, params)
           ~~~~~~~~~~~~~~~~~~~^^^^^^^^^^^^^
  File "C:\Users\rechs\AppData\Local\Packages\PythonSoftwareFoundation.Python.3.13_qbz5n2kfra8p0\LocalCache\local-packages\Python313\site-packages\django\db\backends\sqlite3\base.py", line 360, in execute
    return super().execute(query, params)
           ~~~~~~~~~~~~~~~^^^^^^^^^^^^^^^
django.db.utils.OperationalError: no such table: django_session
Internal Server Error: /admin/
Traceback (most recent call last):
  File "C:\Users\rechs\AppData\Local\Packages\PythonSoftwareFoundation.Python.3.13_qbz5n2kfra8p0\LocalCache\local-packages\Python313\site-packages\django\contrib\sessions\backends\base.py", line 244, in _get_session
    return self._session_cache
           ^^^^^^^^^^^^^^^^^^^
AttributeError: 'SessionStore' object has no attribute '_session_cache'

During handling of the above exception, another exception occurred:

Traceback (most recent call last):
  File "C:\Users\rechs\AppData\Local\Packages\PythonSoftwareFoundation.Python.3.13_qbz5n2kfra8p0\LocalCache\local-packages\Python313\site-packages\django\db\backends\utils.py", line 105, in _execute
    return self.cursor.execute(sql, params)
           ~~~~~~~~~~~~~~~~~~~^^^^^^^^^^^^^
  File "C:\Users\rechs\AppData\Local\Packages\PythonSoftwareFoundation.Python.3.13_qbz5n2kfra8p0\LocalCache\local-packages\Python313\site-packages\django\db\backends\sqlite3\base.py", line 360, in execute
    return super().execute(query, params)
           ~~~~~~~~~~~~~~~^^^^^^^^^^^^^^^
sqlite3.OperationalError: no such table: django_session

The above exception was the direct cause of the following exception:

Traceback (most recent call last):
  File "C:\Users\rechs\AppData\Local\Packages\PythonSoftwareFoundation.Python.3.13_qbz5n2kfra8p0\LocalCache\local-packages\Python313\site-packages\django\core\handlers\exception.py", line 55, in inner
    response = get_response(request)
  File "C:\Users\rechs\AppData\Local\Packages\PythonSoftwareFoundation.Python.3.13_qbz5n2kfra8p0\LocalCache\local-packages\Python313\site-packages\django\utils\deprecation.py", line 122, in __call__
    response = self.process_response(request, response)
  File "C:\Users\rechs\AppData\Local\Packages\PythonSoftwareFoundation.Python.3.13_qbz5n2kfra8p0\LocalCache\local-packages\Python313\site-packages\django\contrib\sessions\middleware.py", line 48, in process_response
    if request.session.get_expire_at_browser_close():
       ~~~~~~~~~~~~~~~~~~~~~~~~~~~~~~~~~~~~~~~~~~~^^
  File "C:\Users\rechs\AppData\Local\Packages\PythonSoftwareFoundation.Python.3.13_qbz5n2kfra8p0\LocalCache\local-packages\Python313\site-packages\django\contrib\sessions\backends\base.py", line 403, in get_expire_at_browser_close
    if (expiry := self.get("_session_expiry")) is None:
                  ~~~~~~~~^^^^^^^^^^^^^^^^^^^
  File "C:\Users\rechs\AppData\Local\Packages\PythonSoftwareFoundation.Python.3.13_qbz5n2kfra8p0\LocalCache\local-packages\Python313\site-packages\django\contrib\sessions\backends\base.py", line 74, in get
    return self._session.get(key, default)
           ^^^^^^^^^^^^^
  File "C:\Users\rechs\AppData\Local\Packages\PythonSoftwareFoundation.Python.3.13_qbz5n2kfra8p0\LocalCache\local-packages\Python313\site-packages\django\contrib\sessions\backends\base.py", line 249, in _get_session
    self._session_cache = self.load()
                          ~~~~~~~~~^^
  File "C:\Users\rechs\AppData\Local\Packages\PythonSoftwareFoundation.Python.3.13_qbz5n2kfra8p0\LocalCache\local-packages\Python313\site-packages\django\contrib\sessions\backends\db.py", line 55, in load
    s = self._get_session_from_db()
  File "C:\Users\rechs\AppData\Local\Packages\PythonSoftwareFoundation.Python.3.13_qbz5n2kfra8p0\LocalCache\local-packages\Python313\site-packages\django\contrib\sessions\backends\db.py", line 34, in _get_session_from_db
    return self.model.objects.get(
           ~~~~~~~~~~~~~~~~~~~~~~^
        session_key=self.session_key, expire_date__gt=timezone.now()
        ^^^^^^^^^^^^^^^^^^^^^^^^^^^^^^^^^^^^^^^^^^^^^^^^^^^^^^^^^^^^
    )
    ^
  File "C:\Users\rechs\AppData\Local\Packages\PythonSoftwareFoundation.Python.3.13_qbz5n2kfra8p0\LocalCache\local-packages\Python313\site-packages\django\db\models\manager.py", line 87, in manager_method
    return getattr(self.get_queryset(), name)(*args, **kwargs)
           ~~~~~~~~~~~~~~~~~~~~~~~~~~~~~~~~~~^^^^^^^^^^^^^^^^^
  File "C:\Users\rechs\AppData\Local\Packages\PythonSoftwareFoundation.Python.3.13_qbz5n2kfra8p0\LocalCache\local-packages\Python313\site-packages\django\db\models\query.py", line 629, in get
    num = len(clone)
  File "C:\Users\rechs\AppData\Local\Packages\PythonSoftwareFoundation.Python.3.13_qbz5n2kfra8p0\LocalCache\local-packages\Python313\site-packages\django\db\models\query.py", line 366, in __len__
    self._fetch_all()
    ~~~~~~~~~~~~~~~^^
  File "C:\Users\rechs\AppData\Local\Packages\PythonSoftwareFoundation.Python.3.13_qbz5n2kfra8p0\LocalCache\local-packages\Python313\site-packages\django\db\models\query.py", line 1949, in _fetch_all
    self._result_cache = list(self._iterable_class(self))
                         ~~~~^^^^^^^^^^^^^^^^^^^^^^^^^^^^
  File "C:\Users\rechs\AppData\Local\Packages\PythonSoftwareFoundation.Python.3.13_qbz5n2kfra8p0\LocalCache\local-packages\Python313\site-packages\django\db\models\query.py", line 91, in __iter__
    results = compiler.execute_sql(
        chunked_fetch=self.chunked_fetch, chunk_size=self.chunk_size
    )
  File "C:\Users\rechs\AppData\Local\Packages\PythonSoftwareFoundation.Python.3.13_qbz5n2kfra8p0\LocalCache\local-packages\Python313\site-packages\django\db\models\sql\compiler.py", line 1623, in execute_sql
    cursor.execute(sql, params)
    ~~~~~~~~~~~~~~^^^^^^^^^^^^^
  File "C:\Users\rechs\AppData\Local\Packages\PythonSoftwareFoundation.Python.3.13_qbz5n2kfra8p0\LocalCache\local-packages\Python313\site-packages\django\db\backends\utils.py", line 122, in execute
    return super().execute(sql, params)
           ~~~~~~~~~~~~~~~^^^^^^^^^^^^^
  File "C:\Users\rechs\AppData\Local\Packages\PythonSoftwareFoundation.Python.3.13_qbz5n2kfra8p0\LocalCache\local-packages\Python313\site-packages\django\db\backends\utils.py", line 79, in execute
    return self._execute_with_wrappers(
           ~~~~~~~~~~~~~~~~~~~~~~~~~~~^
        sql, params, many=False, executor=self._execute
        ^^^^^^^^^^^^^^^^^^^^^^^^^^^^^^^^^^^^^^^^^^^^^^^
    )
    ^
  File "C:\Users\rechs\AppData\Local\Packages\PythonSoftwareFoundation.Python.3.13_qbz5n2kfra8p0\LocalCache\local-packages\Python313\site-packages\django\db\backends\utils.py", line 92, in _execute_with_wrappers
    return executor(sql, params, many, context)
  File "C:\Users\rechs\AppData\Local\Packages\PythonSoftwareFoundation.Python.3.13_qbz5n2kfra8p0\LocalCache\local-packages\Python313\site-packages\django\db\backends\utils.py", line 100, in _execute
    with self.db.wrap_database_errors:
         ^^^^^^^^^^^^^^^^^^^^^^^^^^^^
  File "C:\Users\rechs\AppData\Local\Packages\PythonSoftwareFoundation.Python.3.13_qbz5n2kfra8p0\LocalCache\local-packages\Python313\site-packages\django\db\utils.py", line 91, in __exit__
    raise dj_exc_value.with_traceback(traceback) from exc_value
  File "C:\Users\rechs\AppData\Local\Packages\PythonSoftwareFoundation.Python.3.13_qbz5n2kfra8p0\LocalCache\local-packages\Python313\site-packages\django\db\backends\utils.py", line 105, in _execute
    return self.cursor.execute(sql, params)
           ~~~~~~~~~~~~~~~~~~~^^^^^^^^^^^^^
  File "C:\Users\rechs\AppData\Local\Packages\PythonSoftwareFoundation.Python.3.13_qbz5n2kfra8p0\LocalCache\local-packages\Python313\site-packages\django\db\backends\sqlite3\base.py", line 360, in execute
    return super().execute(query, params)
           ~~~~~~~~~~~~~~~^^^^^^^^^^^^^^^
django.db.utils.OperationalError: no such table: django_session
"GET /admin/ HTTP/1.1" 500 174998
Internal Server Error: /
Traceback (most recent call last):
  File "C:\Users\rechs\AppData\Local\Packages\PythonSoftwareFoundation.Python.3.13_qbz5n2kfra8p0\LocalCache\local-packages\Python313\site-packages\django\contrib\sessions\backends\base.py", line 244, in _get_session
    return self._session_cache
           ^^^^^^^^^^^^^^^^^^^
AttributeError: 'SessionStore' object has no attribute '_session_cache'

During handling of the above exception, another exception occurred:

Traceback (most recent call last):
  File "C:\Users\rechs\AppData\Local\Packages\PythonSoftwareFoundation.Python.3.13_qbz5n2kfra8p0\LocalCache\local-packages\Python313\site-packages\django\db\backends\utils.py", line 105, in _execute
    return self.cursor.execute(sql, params)
           ~~~~~~~~~~~~~~~~~~~^^^^^^^^^^^^^
  File "C:\Users\rechs\AppData\Local\Packages\PythonSoftwareFoundation.Python.3.13_qbz5n2kfra8p0\LocalCache\local-packages\Python313\site-packages\django\db\backends\sqlite3\base.py", line 360, in execute
    return super().execute(query, params)
           ~~~~~~~~~~~~~~~^^^^^^^^^^^^^^^
sqlite3.OperationalError: no such table: django_session

The above exception was the direct cause of the following exception:

Traceback (most recent call last):
  File "C:\Users\rechs\AppData\Local\Packages\PythonSoftwareFoundation.Python.3.13_qbz5n2kfra8p0\LocalCache\local-packages\Python313\site-packages\django\core\handlers\exception.py", line 55, in inner
    response = get_response(request)
  File "C:\Users\rechs\AppData\Local\Packages\PythonSoftwareFoundation.Python.3.13_qbz5n2kfra8p0\LocalCache\local-packages\Python313\site-packages\django\utils\deprecation.py", line 122, in __call__
    response = self.process_response(request, response)
  File "C:\Users\rechs\AppData\Local\Packages\PythonSoftwareFoundation.Python.3.13_qbz5n2kfra8p0\LocalCache\local-packages\Python313\site-packages\django\contrib\sessions\middleware.py", line 48, in process_response
    if request.session.get_expire_at_browser_close():
       ~~~~~~~~~~~~~~~~~~~~~~~~~~~~~~~~~~~~~~~~~~~^^
  File "C:\Users\rechs\AppData\Local\Packages\PythonSoftwareFoundation.Python.3.13_qbz5n2kfra8p0\LocalCache\local-packages\Python313\site-packages\django\contrib\sessions\backends\base.py", line 403, in get_expire_at_browser_close
    if (expiry := self.get("_session_expiry")) is None:
                  ~~~~~~~~^^^^^^^^^^^^^^^^^^^
  File "C:\Users\rechs\AppData\Local\Packages\PythonSoftwareFoundation.Python.3.13_qbz5n2kfra8p0\LocalCache\local-packages\Python313\site-packages\django\contrib\sessions\backends\base.py", line 74, in get
    return self._session.get(key, default)
           ^^^^^^^^^^^^^
  File "C:\Users\rechs\AppData\Local\Packages\PythonSoftwareFoundation.Python.3.13_qbz5n2kfra8p0\LocalCache\local-packages\Python313\site-packages\django\contrib\sessions\backends\base.py", line 249, in _get_session
    self._session_cache = self.load()
                          ~~~~~~~~~^^
  File "C:\Users\rechs\AppData\Local\Packages\PythonSoftwareFoundation.Python.3.13_qbz5n2kfra8p0\LocalCache\local-packages\Python313\site-packages\django\contrib\sessions\backends\db.py", line 55, in load
    s = self._get_session_from_db()
  File "C:\Users\rechs\AppData\Local\Packages\PythonSoftwareFoundation.Python.3.13_qbz5n2kfra8p0\LocalCache\local-packages\Python313\site-packages\django\contrib\sessions\backends\db.py", line 34, in _get_session_from_db
    return self.model.objects.get(
           ~~~~~~~~~~~~~~~~~~~~~~^
        session_key=self.session_key, expire_date__gt=timezone.now()
        ^^^^^^^^^^^^^^^^^^^^^^^^^^^^^^^^^^^^^^^^^^^^^^^^^^^^^^^^^^^^
    )
    ^
  File "C:\Users\rechs\AppData\Local\Packages\PythonSoftwareFoundation.Python.3.13_qbz5n2kfra8p0\LocalCache\local-packages\Python313\site-packages\django\db\models\manager.py", line 87, in manager_method
    return getattr(self.get_queryset(), name)(*args, **kwargs)
           ~~~~~~~~~~~~~~~~~~~~~~~~~~~~~~~~~~^^^^^^^^^^^^^^^^^
  File "C:\Users\rechs\AppData\Local\Packages\PythonSoftwareFoundation.Python.3.13_qbz5n2kfra8p0\LocalCache\local-packages\Python313\site-packages\django\db\models\query.py", line 629, in get
    num = len(clone)
  File "C:\Users\rechs\AppData\Local\Packages\PythonSoftwareFoundation.Python.3.13_qbz5n2kfra8p0\LocalCache\local-packages\Python313\site-packages\django\db\models\query.py", line 366, in __len__
    self._fetch_all()
    ~~~~~~~~~~~~~~~^^
  File "C:\Users\rechs\AppData\Local\Packages\PythonSoftwareFoundation.Python.3.13_qbz5n2kfra8p0\LocalCache\local-packages\Python313\site-packages\django\db\models\query.py", line 1949, in _fetch_all
    self._result_cache = list(self._iterable_class(self))
                         ~~~~^^^^^^^^^^^^^^^^^^^^^^^^^^^^
  File "C:\Users\rechs\AppData\Local\Packages\PythonSoftwareFoundation.Python.3.13_qbz5n2kfra8p0\LocalCache\local-packages\Python313\site-packages\django\db\models\query.py", line 91, in __iter__
    results = compiler.execute_sql(
        chunked_fetch=self.chunked_fetch, chunk_size=self.chunk_size
    )
  File "C:\Users\rechs\AppData\Local\Packages\PythonSoftwareFoundation.Python.3.13_qbz5n2kfra8p0\LocalCache\local-packages\Python313\site-packages\django\db\models\sql\compiler.py", line 1623, in execute_sql
    cursor.execute(sql, params)
    ~~~~~~~~~~~~~~^^^^^^^^^^^^^
  File "C:\Users\rechs\AppData\Local\Packages\PythonSoftwareFoundation.Python.3.13_qbz5n2kfra8p0\LocalCache\local-packages\Python313\site-packages\django\db\backends\utils.py", line 122, in execute
    return super().execute(sql, params)
           ~~~~~~~~~~~~~~~^^^^^^^^^^^^^
  File "C:\Users\rechs\AppData\Local\Packages\PythonSoftwareFoundation.Python.3.13_qbz5n2kfra8p0\LocalCache\local-packages\Python313\site-packages\django\db\backends\utils.py", line 79, in execute
    return self._execute_with_wrappers(
           ~~~~~~~~~~~~~~~~~~~~~~~~~~~^
        sql, params, many=False, executor=self._execute
        ^^^^^^^^^^^^^^^^^^^^^^^^^^^^^^^^^^^^^^^^^^^^^^^
    )
    ^
  File "C:\Users\rechs\AppData\Local\Packages\PythonSoftwareFoundation.Python.3.13_qbz5n2kfra8p0\LocalCache\local-packages\Python313\site-packages\django\db\backends\utils.py", line 92, in _execute_with_wrappers
    return executor(sql, params, many, context)
  File "C:\Users\rechs\AppData\Local\Packages\PythonSoftwareFoundation.Python.3.13_qbz5n2kfra8p0\LocalCache\local-packages\Python313\site-packages\django\db\backends\utils.py", line 100, in _execute
    with self.db.wrap_database_errors:
         ^^^^^^^^^^^^^^^^^^^^^^^^^^^^
  File "C:\Users\rechs\AppData\Local\Packages\PythonSoftwareFoundation.Python.3.13_qbz5n2kfra8p0\LocalCache\local-packages\Python313\site-packages\django\db\utils.py", line 91, in __exit__
    raise dj_exc_value.with_traceback(traceback) from exc_value
  File "C:\Users\rechs\AppData\Local\Packages\PythonSoftwareFoundation.Python.3.13_qbz5n2kfra8p0\LocalCache\local-packages\Python313\site-packages\django\db\backends\utils.py", line 105, in _execute
    return self.cursor.execute(sql, params)
           ~~~~~~~~~~~~~~~~~~~^^^^^^^^^^^^^
  File "C:\Users\rechs\AppData\Local\Packages\PythonSoftwareFoundation.Python.3.13_qbz5n2kfra8p0\LocalCache\local-packages\Python313\site-packages\django\db\backends\sqlite3\base.py", line 360, in execute
    return super().execute(query, params)
           ~~~~~~~~~~~~~~~^^^^^^^^^^^^^^^
django.db.utils.OperationalError: no such table: django_session
"GET / HTTP/1.1" 500 174845
Internal Server Error: /
Traceback (most recent call last):
  File "C:\Users\rechs\AppData\Local\Packages\PythonSoftwareFoundation.Python.3.13_qbz5n2kfra8p0\LocalCache\local-packages\Python313\site-packages\django\contrib\sessions\backends\base.py", line 244, in _get_session
    return self._session_cache
           ^^^^^^^^^^^^^^^^^^^
AttributeError: 'SessionStore' object has no attribute '_session_cache'

During handling of the above exception, another exception occurred:

Traceback (most recent call last):
  File "C:\Users\rechs\AppData\Local\Packages\PythonSoftwareFoundation.Python.3.13_qbz5n2kfra8p0\LocalCache\local-packages\Python313\site-packages\django\db\backends\utils.py", line 105, in _execute
    return self.cursor.execute(sql, params)
           ~~~~~~~~~~~~~~~~~~~^^^^^^^^^^^^^
  File "C:\Users\rechs\AppData\Local\Packages\PythonSoftwareFoundation.Python.3.13_qbz5n2kfra8p0\LocalCache\local-packages\Python313\site-packages\django\db\backends\sqlite3\base.py", line 360, in execute
    return super().execute(query, params)
           ~~~~~~~~~~~~~~~^^^^^^^^^^^^^^^
sqlite3.OperationalError: no such table: django_session

The above exception was the direct cause of the following exception:

Traceback (most recent call last):
  File "C:\Users\rechs\AppData\Local\Packages\PythonSoftwareFoundation.Python.3.13_qbz5n2kfra8p0\LocalCache\local-packages\Python313\site-packages\django\core\handlers\exception.py", line 55, in inner
    response = get_response(request)
  File "C:\Users\rechs\AppData\Local\Packages\PythonSoftwareFoundation.Python.3.13_qbz5n2kfra8p0\LocalCache\local-packages\Python313\site-packages\django\utils\deprecation.py", line 122, in __call__
    response = self.process_response(request, response)
  File "C:\Users\rechs\AppData\Local\Packages\PythonSoftwareFoundation.Python.3.13_qbz5n2kfra8p0\LocalCache\local-packages\Python313\site-packages\django\contrib\sessions\middleware.py", line 48, in process_response
    if request.session.get_expire_at_browser_close():
       ~~~~~~~~~~~~~~~~~~~~~~~~~~~~~~~~~~~~~~~~~~~^^
  File "C:\Users\rechs\AppData\Local\Packages\PythonSoftwareFoundation.Python.3.13_qbz5n2kfra8p0\LocalCache\local-packages\Python313\site-packages\django\contrib\sessions\backends\base.py", line 403, in get_expire_at_browser_close
    if (expiry := self.get("_session_expiry")) is None:
                  ~~~~~~~~^^^^^^^^^^^^^^^^^^^
  File "C:\Users\rechs\AppData\Local\Packages\PythonSoftwareFoundation.Python.3.13_qbz5n2kfra8p0\LocalCache\local-packages\Python313\site-packages\django\contrib\sessions\backends\base.py", line 74, in get
    return self._session.get(key, default)
           ^^^^^^^^^^^^^
  File "C:\Users\rechs\AppData\Local\Packages\PythonSoftwareFoundation.Python.3.13_qbz5n2kfra8p0\LocalCache\local-packages\Python313\site-packages\django\contrib\sessions\backends\base.py", line 249, in _get_session
    self._session_cache = self.load()
                          ~~~~~~~~~^^
  File "C:\Users\rechs\AppData\Local\Packages\PythonSoftwareFoundation.Python.3.13_qbz5n2kfra8p0\LocalCache\local-packages\Python313\site-packages\django\contrib\sessions\backends\db.py", line 55, in load
    s = self._get_session_from_db()
  File "C:\Users\rechs\AppData\Local\Packages\PythonSoftwareFoundation.Python.3.13_qbz5n2kfra8p0\LocalCache\local-packages\Python313\site-packages\django\contrib\sessions\backends\db.py", line 34, in _get_session_from_db
    return self.model.objects.get(
           ~~~~~~~~~~~~~~~~~~~~~~^
        session_key=self.session_key, expire_date__gt=timezone.now()
        ^^^^^^^^^^^^^^^^^^^^^^^^^^^^^^^^^^^^^^^^^^^^^^^^^^^^^^^^^^^^
    )
    ^
  File "C:\Users\rechs\AppData\Local\Packages\PythonSoftwareFoundation.Python.3.13_qbz5n2kfra8p0\LocalCache\local-packages\Python313\site-packages\django\db\models\manager.py", line 87, in manager_method
    return getattr(self.get_queryset(), name)(*args, **kwargs)
           ~~~~~~~~~~~~~~~~~~~~~~~~~~~~~~~~~~^^^^^^^^^^^^^^^^^
  File "C:\Users\rechs\AppData\Local\Packages\PythonSoftwareFoundation.Python.3.13_qbz5n2kfra8p0\LocalCache\local-packages\Python313\site-packages\django\db\models\query.py", line 629, in get
    num = len(clone)
  File "C:\Users\rechs\AppData\Local\Packages\PythonSoftwareFoundation.Python.3.13_qbz5n2kfra8p0\LocalCache\local-packages\Python313\site-packages\django\db\models\query.py", line 366, in __len__
    self._fetch_all()
    ~~~~~~~~~~~~~~~^^
  File "C:\Users\rechs\AppData\Local\Packages\PythonSoftwareFoundation.Python.3.13_qbz5n2kfra8p0\LocalCache\local-packages\Python313\site-packages\django\db\models\query.py", line 1949, in _fetch_all
    self._result_cache = list(self._iterable_class(self))
                         ~~~~^^^^^^^^^^^^^^^^^^^^^^^^^^^^
  File "C:\Users\rechs\AppData\Local\Packages\PythonSoftwareFoundation.Python.3.13_qbz5n2kfra8p0\LocalCache\local-packages\Python313\site-packages\django\db\models\query.py", line 91, in __iter__
    results = compiler.execute_sql(
        chunked_fetch=self.chunked_fetch, chunk_size=self.chunk_size
    )
  File "C:\Users\rechs\AppData\Local\Packages\PythonSoftwareFoundation.Python.3.13_qbz5n2kfra8p0\LocalCache\local-packages\Python313\site-packages\django\db\models\sql\compiler.py", line 1623, in execute_sql
    cursor.execute(sql, params)
    ~~~~~~~~~~~~~~^^^^^^^^^^^^^
  File "C:\Users\rechs\AppData\Local\Packages\PythonSoftwareFoundation.Python.3.13_qbz5n2kfra8p0\LocalCache\local-packages\Python313\site-packages\django\db\backends\utils.py", line 122, in execute
    return super().execute(sql, params)
           ~~~~~~~~~~~~~~~^^^^^^^^^^^^^
  File "C:\Users\rechs\AppData\Local\Packages\PythonSoftwareFoundation.Python.3.13_qbz5n2kfra8p0\LocalCache\local-packages\Python313\site-packages\django\db\backends\utils.py", line 79, in execute
    return self._execute_with_wrappers(
           ~~~~~~~~~~~~~~~~~~~~~~~~~~~^
        sql, params, many=False, executor=self._execute
        ^^^^^^^^^^^^^^^^^^^^^^^^^^^^^^^^^^^^^^^^^^^^^^^
    )
    ^
  File "C:\Users\rechs\AppData\Local\Packages\PythonSoftwareFoundation.Python.3.13_qbz5n2kfra8p0\LocalCache\local-packages\Python313\site-packages\django\db\backends\utils.py", line 92, in _execute_with_wrappers
    return executor(sql, params, many, context)
  File "C:\Users\rechs\AppData\Local\Packages\PythonSoftwareFoundation.Python.3.13_qbz5n2kfra8p0\LocalCache\local-packages\Python313\site-packages\django\db\backends\utils.py", line 100, in _execute
    with self.db.wrap_database_errors:
         ^^^^^^^^^^^^^^^^^^^^^^^^^^^^
  File "C:\Users\rechs\AppData\Local\Packages\PythonSoftwareFoundation.Python.3.13_qbz5n2kfra8p0\LocalCache\local-packages\Python313\site-packages\django\db\utils.py", line 91, in __exit__
    raise dj_exc_value.with_traceback(traceback) from exc_value
  File "C:\Users\rechs\AppData\Local\Packages\PythonSoftwareFoundation.Python.3.13_qbz5n2kfra8p0\LocalCache\local-packages\Python313\site-packages\django\db\backends\utils.py", line 105, in _execute
    return self.cursor.execute(sql, params)
           ~~~~~~~~~~~~~~~~~~~^^^^^^^^^^^^^
  File "C:\Users\rechs\AppData\Local\Packages\PythonSoftwareFoundation.Python.3.13_qbz5n2kfra8p0\LocalCache\local-packages\Python313\site-packages\django\db\backends\sqlite3\base.py", line 360, in execute
    return super().execute(query, params)
           ~~~~~~~~~~~~~~~^^^^^^^^^^^^^^^
django.db.utils.OperationalError: no such table: django_session
"GET / HTTP/1.1" 500 174571
Watching for file changes with StatReloader
Not Found: /
"GET / HTTP/1.1" 404 2650
"GET /admin/ HTTP/1.1" 302 0
"GET /admin/login/?next=/admin/ HTTP/1.1" 200 4168
"POST /admin/login/?next=/admin/ HTTP/1.1" 302 0
"GET /admin/ HTTP/1.1" 200 6090
"POST /admin/logout/ HTTP/1.1" 200 3563
Watching for file changes with StatReloader
Not Found: /
"GET / HTTP/1.1" 404 2802
"GET /admin/ HTTP/1.1" 302 0
Internal Server Error: /admin/login/
Traceback (most recent call last):
  File "C:\Users\rechs\AppData\Local\Packages\PythonSoftwareFoundation.Python.3.13_qbz5n2kfra8p0\LocalCache\local-packages\Python313\site-packages\django\core\handlers\exception.py", line 55, in inner
    response = get_response(request)
  File "C:\Users\rechs\AppData\Local\Packages\PythonSoftwareFoundation.Python.3.13_qbz5n2kfra8p0\LocalCache\local-packages\Python313\site-packages\django\core\handlers\base.py", line 197, in _get_response
    response = wrapped_callback(request, *callback_args, **callback_kwargs)
  File "C:\Users\rechs\AppData\Local\Packages\PythonSoftwareFoundation.Python.3.13_qbz5n2kfra8p0\LocalCache\local-packages\Python313\site-packages\django\utils\decorators.py", line 48, in _wrapper
    return bound_method(*args, **kwargs)
  File "C:\Users\rechs\AppData\Local\Packages\PythonSoftwareFoundation.Python.3.13_qbz5n2kfra8p0\LocalCache\local-packages\Python313\site-packages\django\views\decorators\cache.py", line 80, in _view_wrapper
    response = view_func(request, *args, **kwargs)
  File "C:\Users\rechs\AppData\Local\Packages\PythonSoftwareFoundation.Python.3.13_qbz5n2kfra8p0\LocalCache\local-packages\Python313\site-packages\django\contrib\admin\sites.py", line 430, in login
    **self.each_context(request),
      ~~~~~~~~~~~~~~~~~^^^^^^^^^
  File "C:\Users\rechs\AppData\Local\Packages\PythonSoftwareFoundation.Python.3.13_qbz5n2kfra8p0\LocalCache\local-packages\Python313\site-packages\django\contrib\admin\sites.py", line 343, in each_context
    "available_apps": self.get_app_list(request),
                      ~~~~~~~~~~~~~~~~~^^^^^^^^^
  File "C:\Users\rechs\AppData\Local\Packages\PythonSoftwareFoundation.Python.3.13_qbz5n2kfra8p0\LocalCache\local-packages\Python313\site-packages\django\contrib\admin\sites.py", line 546, in get_app_list
    app_dict = self._build_app_dict(request, app_label)
  File "C:\Users\rechs\AppData\Local\Packages\PythonSoftwareFoundation.Python.3.13_qbz5n2kfra8p0\LocalCache\local-packages\Python313\site-packages\django\contrib\admin\sites.py", line 488, in _build_app_dict
    has_module_perms = model_admin.has_module_permission(request)
  File "C:\Users\rechs\AppData\Local\Packages\PythonSoftwareFoundation.Python.3.13_qbz5n2kfra8p0\LocalCache\local-packages\Python313\site-packages\django\contrib\admin\options.py", line 641, in has_module_permission
    return request.user.has_module_perms(self.opts.app_label)
           ~~~~~~~~~~~~~~~~~~~~~~~~~~~~~^^^^^^^^^^^^^^^^^^^^^
  File "C:\Users\rechs\AppData\Local\Packages\PythonSoftwareFoundation.Python.3.13_qbz5n2kfra8p0\LocalCache\local-packages\Python313\site-packages\django\contrib\auth\models.py", line 620, in has_module_perms
    return _user_has_module_perms(self, module)
  File "C:\Users\rechs\AppData\Local\Packages\PythonSoftwareFoundation.Python.3.13_qbz5n2kfra8p0\LocalCache\local-packages\Python313\site-packages\django\contrib\auth\models.py", line 293, in _user_has_module_perms
    for backend in auth.get_backends():
                   ~~~~~~~~~~~~~~~~~^^
  File "C:\Users\rechs\AppData\Local\Packages\PythonSoftwareFoundation.Python.3.13_qbz5n2kfra8p0\LocalCache\local-packages\Python313\site-packages\django\contrib\auth\__init__.py", line 40, in get_backends
    return _get_backends(return_tuples=False)
  File "C:\Users\rechs\AppData\Local\Packages\PythonSoftwareFoundation.Python.3.13_qbz5n2kfra8p0\LocalCache\local-packages\Python313\site-packages\django\contrib\auth\__init__.py", line 29, in _get_backends
    backend = load_backend(backend_path)
  File "C:\Users\rechs\AppData\Local\Packages\PythonSoftwareFoundation.Python.3.13_qbz5n2kfra8p0\LocalCache\local-packages\Python313\site-packages\django\contrib\auth\__init__.py", line 23, in load_backend
    return import_string(path)()
           ~~~~~~~~~~~~~^^^^^^
  File "C:\Users\rechs\AppData\Local\Packages\PythonSoftwareFoundation.Python.3.13_qbz5n2kfra8p0\LocalCache\local-packages\Python313\site-packages\django\utils\module_loading.py", line 30, in import_string
    return cached_import(module_path, class_name)
  File "C:\Users\rechs\AppData\Local\Packages\PythonSoftwareFoundation.Python.3.13_qbz5n2kfra8p0\LocalCache\local-packages\Python313\site-packages\django\utils\module_loading.py", line 15, in cached_import
    module = import_module(module_path)
  File "C:\Program Files\WindowsApps\PythonSoftwareFoundation.Python.3.13_3.13.2032.0_x64__qbz5n2kfra8p0\Lib\importlib\__init__.py", line 88, in import_module
    return _bootstrap._gcd_import(name[level:], package, level)
           ~~~~~~~~~~~~~~~~~~~~~~^^^^^^^^^^^^^^^^^^^^^^^^^^^^^^
  File "<frozen importlib._bootstrap>", line 1387, in _gcd_import
  File "<frozen importlib._bootstrap>", line 1360, in _find_and_load
  File "<frozen importlib._bootstrap>", line 1324, in _find_and_load_unlocked
ModuleNotFoundError: No module named 'users.backends'
"GET /admin/login/?next=/admin/ HTTP/1.1" 500 143966
"GET /admin/ HTTP/1.1" 302 0
Internal Server Error: /admin/login/
Traceback (most recent call last):
  File "C:\Users\rechs\AppData\Local\Packages\PythonSoftwareFoundation.Python.3.13_qbz5n2kfra8p0\LocalCache\local-packages\Python313\site-packages\django\core\handlers\exception.py", line 55, in inner
    response = get_response(request)
  File "C:\Users\rechs\AppData\Local\Packages\PythonSoftwareFoundation.Python.3.13_qbz5n2kfra8p0\LocalCache\local-packages\Python313\site-packages\django\core\handlers\base.py", line 197, in _get_response
    response = wrapped_callback(request, *callback_args, **callback_kwargs)
  File "C:\Users\rechs\AppData\Local\Packages\PythonSoftwareFoundation.Python.3.13_qbz5n2kfra8p0\LocalCache\local-packages\Python313\site-packages\django\utils\decorators.py", line 48, in _wrapper
    return bound_method(*args, **kwargs)
  File "C:\Users\rechs\AppData\Local\Packages\PythonSoftwareFoundation.Python.3.13_qbz5n2kfra8p0\LocalCache\local-packages\Python313\site-packages\django\views\decorators\cache.py", line 80, in _view_wrapper
    response = view_func(request, *args, **kwargs)
  File "C:\Users\rechs\AppData\Local\Packages\PythonSoftwareFoundation.Python.3.13_qbz5n2kfra8p0\LocalCache\local-packages\Python313\site-packages\django\contrib\admin\sites.py", line 430, in login
    **self.each_context(request),
      ~~~~~~~~~~~~~~~~~^^^^^^^^^
  File "C:\Users\rechs\AppData\Local\Packages\PythonSoftwareFoundation.Python.3.13_qbz5n2kfra8p0\LocalCache\local-packages\Python313\site-packages\django\contrib\admin\sites.py", line 343, in each_context
    "available_apps": self.get_app_list(request),
                      ~~~~~~~~~~~~~~~~~^^^^^^^^^
  File "C:\Users\rechs\AppData\Local\Packages\PythonSoftwareFoundation.Python.3.13_qbz5n2kfra8p0\LocalCache\local-packages\Python313\site-packages\django\contrib\admin\sites.py", line 546, in get_app_list
    app_dict = self._build_app_dict(request, app_label)
  File "C:\Users\rechs\AppData\Local\Packages\PythonSoftwareFoundation.Python.3.13_qbz5n2kfra8p0\LocalCache\local-packages\Python313\site-packages\django\contrib\admin\sites.py", line 488, in _build_app_dict
    has_module_perms = model_admin.has_module_permission(request)
  File "C:\Users\rechs\AppData\Local\Packages\PythonSoftwareFoundation.Python.3.13_qbz5n2kfra8p0\LocalCache\local-packages\Python313\site-packages\django\contrib\admin\options.py", line 641, in has_module_permission
    return request.user.has_module_perms(self.opts.app_label)
           ~~~~~~~~~~~~~~~~~~~~~~~~~~~~~^^^^^^^^^^^^^^^^^^^^^
  File "C:\Users\rechs\AppData\Local\Packages\PythonSoftwareFoundation.Python.3.13_qbz5n2kfra8p0\LocalCache\local-packages\Python313\site-packages\django\contrib\auth\models.py", line 620, in has_module_perms
    return _user_has_module_perms(self, module)
  File "C:\Users\rechs\AppData\Local\Packages\PythonSoftwareFoundation.Python.3.13_qbz5n2kfra8p0\LocalCache\local-packages\Python313\site-packages\django\contrib\auth\models.py", line 293, in _user_has_module_perms
    for backend in auth.get_backends():
                   ~~~~~~~~~~~~~~~~~^^
  File "C:\Users\rechs\AppData\Local\Packages\PythonSoftwareFoundation.Python.3.13_qbz5n2kfra8p0\LocalCache\local-packages\Python313\site-packages\django\contrib\auth\__init__.py", line 40, in get_backends
    return _get_backends(return_tuples=False)
  File "C:\Users\rechs\AppData\Local\Packages\PythonSoftwareFoundation.Python.3.13_qbz5n2kfra8p0\LocalCache\local-packages\Python313\site-packages\django\contrib\auth\__init__.py", line 29, in _get_backends
    backend = load_backend(backend_path)
  File "C:\Users\rechs\AppData\Local\Packages\PythonSoftwareFoundation.Python.3.13_qbz5n2kfra8p0\LocalCache\local-packages\Python313\site-packages\django\contrib\auth\__init__.py", line 23, in load_backend
    return import_string(path)()
           ~~~~~~~~~~~~~^^^^^^
  File "C:\Users\rechs\AppData\Local\Packages\PythonSoftwareFoundation.Python.3.13_qbz5n2kfra8p0\LocalCache\local-packages\Python313\site-packages\django\utils\module_loading.py", line 30, in import_string
    return cached_import(module_path, class_name)
  File "C:\Users\rechs\AppData\Local\Packages\PythonSoftwareFoundation.Python.3.13_qbz5n2kfra8p0\LocalCache\local-packages\Python313\site-packages\django\utils\module_loading.py", line 15, in cached_import
    module = import_module(module_path)
  File "C:\Program Files\WindowsApps\PythonSoftwareFoundation.Python.3.13_3.13.2032.0_x64__qbz5n2kfra8p0\Lib\importlib\__init__.py", line 88, in import_module
    return _bootstrap._gcd_import(name[level:], package, level)
           ~~~~~~~~~~~~~~~~~~~~~~^^^^^^^^^^^^^^^^^^^^^^^^^^^^^^
  File "<frozen importlib._bootstrap>", line 1387, in _gcd_import
  File "<frozen importlib._bootstrap>", line 1360, in _find_and_load
  File "<frozen importlib._bootstrap>", line 1324, in _find_and_load_unlocked
ModuleNotFoundError: No module named 'users.backends'
"GET /admin/login/?next=/admin/ HTTP/1.1" 500 143692
C:\Users\rechs\OneDrive\Desktop\CES\backend\ces_main\ces_main\settings.py changed, reloading.
Watching for file changes with StatReloader
Internal Server Error: /admin/login/
Traceback (most recent call last):
  File "C:\Users\rechs\AppData\Local\Packages\PythonSoftwareFoundation.Python.3.13_qbz5n2kfra8p0\LocalCache\local-packages\Python313\site-packages\django\core\handlers\exception.py", line 55, in inner
    response = get_response(request)
  File "C:\Users\rechs\AppData\Local\Packages\PythonSoftwareFoundation.Python.3.13_qbz5n2kfra8p0\LocalCache\local-packages\Python313\site-packages\django\core\handlers\base.py", line 197, in _get_response
    response = wrapped_callback(request, *callback_args, **callback_kwargs)
  File "C:\Users\rechs\AppData\Local\Packages\PythonSoftwareFoundation.Python.3.13_qbz5n2kfra8p0\LocalCache\local-packages\Python313\site-packages\django\utils\decorators.py", line 48, in _wrapper
    return bound_method(*args, **kwargs)
  File "C:\Users\rechs\AppData\Local\Packages\PythonSoftwareFoundation.Python.3.13_qbz5n2kfra8p0\LocalCache\local-packages\Python313\site-packages\django\views\decorators\cache.py", line 80, in _view_wrapper
    response = view_func(request, *args, **kwargs)
  File "C:\Users\rechs\AppData\Local\Packages\PythonSoftwareFoundation.Python.3.13_qbz5n2kfra8p0\LocalCache\local-packages\Python313\site-packages\django\contrib\admin\sites.py", line 430, in login
    **self.each_context(request),
      ~~~~~~~~~~~~~~~~~^^^^^^^^^
  File "C:\Users\rechs\AppData\Local\Packages\PythonSoftwareFoundation.Python.3.13_qbz5n2kfra8p0\LocalCache\local-packages\Python313\site-packages\django\contrib\admin\sites.py", line 343, in each_context
    "available_apps": self.get_app_list(request),
                      ~~~~~~~~~~~~~~~~~^^^^^^^^^
  File "C:\Users\rechs\AppData\Local\Packages\PythonSoftwareFoundation.Python.3.13_qbz5n2kfra8p0\LocalCache\local-packages\Python313\site-packages\django\contrib\admin\sites.py", line 546, in get_app_list
    app_dict = self._build_app_dict(request, app_label)
  File "C:\Users\rechs\AppData\Local\Packages\PythonSoftwareFoundation.Python.3.13_qbz5n2kfra8p0\LocalCache\local-packages\Python313\site-packages\django\contrib\admin\sites.py", line 488, in _build_app_dict
    has_module_perms = model_admin.has_module_permission(request)
  File "C:\Users\rechs\AppData\Local\Packages\PythonSoftwareFoundation.Python.3.13_qbz5n2kfra8p0\LocalCache\local-packages\Python313\site-packages\django\contrib\admin\options.py", line 641, in has_module_permission
    return request.user.has_module_perms(self.opts.app_label)
           ~~~~~~~~~~~~~~~~~~~~~~~~~~~~~^^^^^^^^^^^^^^^^^^^^^
  File "C:\Users\rechs\AppData\Local\Packages\PythonSoftwareFoundation.Python.3.13_qbz5n2kfra8p0\LocalCache\local-packages\Python313\site-packages\django\contrib\auth\models.py", line 620, in has_module_perms
    return _user_has_module_perms(self, module)
  File "C:\Users\rechs\AppData\Local\Packages\PythonSoftwareFoundation.Python.3.13_qbz5n2kfra8p0\LocalCache\local-packages\Python313\site-packages\django\contrib\auth\models.py", line 293, in _user_has_module_perms
    for backend in auth.get_backends():
                   ~~~~~~~~~~~~~~~~~^^
  File "C:\Users\rechs\AppData\Local\Packages\PythonSoftwareFoundation.Python.3.13_qbz5n2kfra8p0\LocalCache\local-packages\Python313\site-packages\django\contrib\auth\__init__.py", line 40, in get_backends
    return _get_backends(return_tuples=False)
  File "C:\Users\rechs\AppData\Local\Packages\PythonSoftwareFoundation.Python.3.13_qbz5n2kfra8p0\LocalCache\local-packages\Python313\site-packages\django\contrib\auth\__init__.py", line 29, in _get_backends
    backend = load_backend(backend_path)
  File "C:\Users\rechs\AppData\Local\Packages\PythonSoftwareFoundation.Python.3.13_qbz5n2kfra8p0\LocalCache\local-packages\Python313\site-packages\django\contrib\auth\__init__.py", line 23, in load_backend
    return import_string(path)()
           ~~~~~~~~~~~~~^^^^^^
  File "C:\Users\rechs\AppData\Local\Packages\PythonSoftwareFoundation.Python.3.13_qbz5n2kfra8p0\LocalCache\local-packages\Python313\site-packages\django\utils\module_loading.py", line 30, in import_string
    return cached_import(module_path, class_name)
  File "C:\Users\rechs\AppData\Local\Packages\PythonSoftwareFoundation.Python.3.13_qbz5n2kfra8p0\LocalCache\local-packages\Python313\site-packages\django\utils\module_loading.py", line 15, in cached_import
    module = import_module(module_path)
  File "C:\Program Files\WindowsApps\PythonSoftwareFoundation.Python.3.13_3.13.2032.0_x64__qbz5n2kfra8p0\Lib\importlib\__init__.py", line 88, in import_module
    return _bootstrap._gcd_import(name[level:], package, level)
           ~~~~~~~~~~~~~~~~~~~~~~^^^^^^^^^^^^^^^^^^^^^^^^^^^^^^
  File "<frozen importlib._bootstrap>", line 1387, in _gcd_import
  File "<frozen importlib._bootstrap>", line 1360, in _find_and_load
  File "<frozen importlib._bootstrap>", line 1324, in _find_and_load_unlocked
ModuleNotFoundError: No module named 'users.backends'
"GET /admin/login/?next=/admin/ HTTP/1.1" 500 143873
C:\Users\rechs\OneDrive\Desktop\CES\backend\ces_main\ces_main\settings.py changed, reloading.
Watching for file changes with StatReloader
"GET /admin/login/?next=/admin/ HTTP/1.1" 200 4168
"POST /admin/login/?next=/admin/ HTTP/1.1" 200 4336
Watching for file changes with StatReloader
"POST /admin/login/?next=/admin/ HTTP/1.1" 200 4336
"POST /admin/login/?next=/admin/ HTTP/1.1" 200 4336
"GET /admin/ HTTP/1.1" 302 0
"GET /admin/login/?next=/admin/ HTTP/1.1" 200 4168
Not Found: /
"GET / HTTP/1.1" 404 2802
Not Found: /
"GET / HTTP/1.1" 404 2802
"GET /admin/ HTTP/1.1" 302 0
"GET /admin/login/?next=/admin/ HTTP/1.1" 200 4168
"POST /admin/login/?next=/admin/ HTTP/1.1" 200 4336
Watching for file changes with StatReloader
Not Found: /
"GET / HTTP/1.1" 404 2802
Watching for file changes with StatReloader
Not Found: /
"GET / HTTP/1.1" 404 2802
"GET /admin/ HTTP/1.1" 302 0
"GET /admin/login/?next=/admin/ HTTP/1.1" 200 4168
"POST /admin/login/?next=/admin/ HTTP/1.1" 200 4337
Watching for file changes with StatReloader
Not Found: /
"GET / HTTP/1.1" 404 2802
"GET /admin/ HTTP/1.1" 302 0
"GET /admin/login/?next=/admin/ HTTP/1.1" 200 4168
"POST /admin/login/?next=/admin/ HTTP/1.1" 200 4336
"POST /admin/login/?next=/admin/ HTTP/1.1" 200 4336
C:\Users\rechs\OneDrive\Desktop\CES\backend\ces_main\ces_main\settings.py changed, reloading.
Watching for file changes with StatReloader
"POST /admin/login/?next=/admin/ HTTP/1.1" 200 4336
Watching for file changes with StatReloader
Not Found: /
"GET / HTTP/1.1" 404 2802
Watching for file changes with StatReloader
"GET / HTTP/1.1" 200 101
"GET /admin/ HTTP/1.1" 302 0
"GET /admin/login/?next=/admin/ HTTP/1.1" 200 4168
"POST /admin/login/?next=/admin/ HTTP/1.1" 302 0
"GET /admin/ HTTP/1.1" 200 7200
"GET /admin/users/user/ HTTP/1.1" 200 13406
"GET /admin/jsi18n/ HTTP/1.1" 200 3342
Forbidden (CSRF token missing.): /api/
"POST /api/ HTTP/1.1" 403 2491
"GET /api/ HTTP/1.1" 200 383
Internal Server Error: /api/auth/login/
Traceback (most recent call last):
  File "C:\Users\rechs\AppData\Local\Packages\PythonSoftwareFoundation.Python.3.13_qbz5n2kfra8p0\LocalCache\local-packages\Python313\site-packages\django\core\handlers\exception.py", line 55, in inner
    response = get_response(request)
  File "C:\Users\rechs\AppData\Local\Packages\PythonSoftwareFoundation.Python.3.13_qbz5n2kfra8p0\LocalCache\local-packages\Python313\site-packages\django\core\handlers\base.py", line 197, in _get_response
    response = wrapped_callback(request, *callback_args, **callback_kwargs)
  File "C:\Users\rechs\AppData\Local\Packages\PythonSoftwareFoundation.Python.3.13_qbz5n2kfra8p0\LocalCache\local-packages\Python313\site-packages\django\views\decorators\csrf.py", line 65, in _view_wrapper
    return view_func(request, *args, **kwargs)
  File "C:\Users\rechs\AppData\Local\Packages\PythonSoftwareFoundation.Python.3.13_qbz5n2kfra8p0\LocalCache\local-packages\Python313\site-packages\django\views\generic\base.py", line 105, in view
    return self.dispatch(request, *args, **kwargs)
           ~~~~~~~~~~~~~^^^^^^^^^^^^^^^^^^^^^^^^^^
  File "C:\Users\rechs\AppData\Local\Packages\PythonSoftwareFoundation.Python.3.13_qbz5n2kfra8p0\LocalCache\local-packages\Python313\site-packages\rest_framework\views.py", line 515, in dispatch
    response = self.handle_exception(exc)
  File "C:\Users\rechs\AppData\Local\Packages\PythonSoftwareFoundation.Python.3.13_qbz5n2kfra8p0\LocalCache\local-packages\Python313\site-packages\rest_framework\views.py", line 475, in handle_exception
    self.raise_uncaught_exception(exc)
    ~~~~~~~~~~~~~~~~~~~~~~~~~~~~~^^^^^
  File "C:\Users\rechs\AppData\Local\Packages\PythonSoftwareFoundation.Python.3.13_qbz5n2kfra8p0\LocalCache\local-packages\Python313\site-packages\rest_framework\views.py", line 486, in raise_uncaught_exception
    raise exc
  File "C:\Users\rechs\AppData\Local\Packages\PythonSoftwareFoundation.Python.3.13_qbz5n2kfra8p0\LocalCache\local-packages\Python313\site-packages\rest_framework\views.py", line 512, in dispatch
    response = handler(request, *args, **kwargs)
  File "C:\Users\rechs\OneDrive\Desktop\CES\backend\ces_main\users\views.py", line 37, in post
    token, created = Token.objects.get_or_create(user=user)
                     ^^^^^^^^^^^^^
AttributeError: type object 'Token' has no attribute 'objects'
"POST /api/auth/login/ HTTP/1.1" 500 103148
Watching for file changes with StatReloader
"POST /api/auth/login/ HTTP/1.1" 200 332
Forbidden: /api/auth/logout/
"POST /api/auth/logout/ HTTP/1.1" 403 45
C:\Users\rechs\OneDrive\Desktop\CES\backend\ces_main\ces_main\settings.py changed, reloading.
Watching for file changes with StatReloader
Unauthorized: /api/auth/logout/
"POST /api/auth/logout/ HTTP/1.1" 401 58
"POST /api/auth/login/ HTTP/1.1" 200 332
Unauthorized: /api/auth/logout/
"POST /api/auth/logout/ HTTP/1.1" 401 58
"POST /api/auth/login/ HTTP/1.1" 200 332
Unauthorized: /api/auth/logout/
"POST /api/auth/logout/ HTTP/1.1" 401 58
Unauthorized: /api/auth/logout/
"POST /api/auth/logout/ HTTP/1.1" 401 58
"POST /api/auth/login/ HTTP/1.1" 200 332
Not Found: /api/profile
"GET /api/profile HTTP/1.1" 404 3512
Not Found: /api/users/profile
"GET /api/users/profile HTTP/1.1" 404 3530
"GET /api/auth/profile HTTP/1.1" 301 0
Unauthorized: /api/auth/profile/
"GET /api/auth/profile/ HTTP/1.1" 401 58
"GET /api/auth/profile?Authorization=Bearer%209f2bbc553ce949650aaeb702846043194cc99923 HTTP/1.1" 301 0
Unauthorized: /api/auth/profile/
"GET /api/auth/profile/?Authorization=Bearer%209f2bbc553ce949650aaeb702846043194cc99923 HTTP/1.1" 401 58
C:\Users\rechs\OneDrive\Desktop\CES\backend\ces_main\users\views.py changed, reloading.
Watching for file changes with StatReloader
C:\Users\rechs\OneDrive\Desktop\CES\backend\ces_main\users\views.py changed, reloading.
Watching for file changes with StatReloader
"GET /api/auth/profile?Authorization=Bearer%209f2bbc553ce949650aaeb702846043194cc99923 HTTP/1.1" 301 0
Unauthorized: /api/auth/profile/
"GET /api/auth/profile/?Authorization=Bearer%209f2bbc553ce949650aaeb702846043194cc99923 HTTP/1.1" 401 58
Watching for file changes with StatReloader
"POST /api/auth/login/ HTTP/1.1" 200 332
"GET /api/auth/profile?Authorization=Bearer%209f2bbc553ce949650aaeb702846043194cc99923 HTTP/1.1" 301 0
Unauthorized: /api/auth/profile/
"GET /api/auth/profile/?Authorization=Bearer%209f2bbc553ce949650aaeb702846043194cc99923 HTTP/1.1" 401 58
"GET /api/auth/profile?Authorization=Token%209f2bbc553ce949650aaeb702846043194cc99923 HTTP/1.1" 301 0
Unauthorized: /api/auth/profile/
"GET /api/auth/profile/?Authorization=Token%209f2bbc553ce949650aaeb702846043194cc99923 HTTP/1.1" 401 58
C:\Users\rechs\OneDrive\Desktop\CES\backend\ces_main\ces_main\settings.py changed, reloading.
Watching for file changes with StatReloader
C:\Users\rechs\OneDrive\Desktop\CES\backend\ces_main\ces_main\settings.py changed, reloading.
Watching for file changes with StatReloader
"GET /api/auth/profile?Authorization=Token%209f2bbc553ce949650aaeb702846043194cc99923 HTTP/1.1" 301 0
Unauthorized: /api/auth/profile/
"GET /api/auth/profile/?Authorization=Token%209f2bbc553ce949650aaeb702846043194cc99923 HTTP/1.1" 401 58
Forbidden: /api/auth/login/
"POST /api/auth/login/ HTTP/1.1" 403 45
C:\Users\rechs\OneDrive\Desktop\CES\backend\ces_main\ces_main\settings.py changed, reloading.
Watching for file changes with StatReloader
C:\Users\rechs\OneDrive\Desktop\CES\backend\ces_main\users\views.py changed, reloading.
Watching for file changes with StatReloader
"POST /api/auth/login/ HTTP/1.1" 200 332
"GET /api/auth/profile?Authorization=Token%209f2bbc553ce949650aaeb702846043194cc99923 HTTP/1.1" 301 0
Unauthorized: /api/auth/profile/
"GET /api/auth/profile/?Authorization=Token%209f2bbc553ce949650aaeb702846043194cc99923 HTTP/1.1" 401 58
"GET /api/auth/profile HTTP/1.1" 301 0
Unauthorized: /api/auth/profile/
"GET /api/auth/profile/ HTTP/1.1" 401 58
"GET /api/auth/profile?Authorization=Token%209f2bbc553ce949650aaeb702846043194cc99923 HTTP/1.1" 301 0
Unauthorized: /api/auth/profile/
"GET /api/auth/profile/?Authorization=Token%209f2bbc553ce949650aaeb702846043194cc99923 HTTP/1.1" 401 58
"GET /api/auth/profile?Authorization=Token%209f2bbc553ce949650aaeb702846043194cc99923 HTTP/1.1" 301 0
Unauthorized: /api/auth/profile/
"GET /api/auth/profile/?Authorization=Token%209f2bbc553ce949650aaeb702846043194cc99923 HTTP/1.1" 401 58
"GET /api/auth/profile?Authorization=Token%209f2bbc553ce949650aaeb702846043194cc99923 HTTP/1.1" 301 0
Unauthorized: /api/auth/profile/
"GET /api/auth/profile/?Authorization=Token%209f2bbc553ce949650aaeb702846043194cc99923 HTTP/1.1" 401 58
"GET /api/auth/profile?Authorization=Token%209f2bbc553ce949650aaeb702846043194cc99923 HTTP/1.1" 301 0
"GET /api/auth/profile/?Authorization=Token%209f2bbc553ce949650aaeb702846043194cc99923 HTTP/1.1" 200 220
"GET /admin/users/user/1/change/ HTTP/1.1" 200 27487
"GET /admin/jsi18n/ HTTP/1.1" 200 3342
"GET /static/admin/js/SelectBox.js HTTP/1.1" 200 4530
"GET /static/admin/js/SelectFilter2.js HTTP/1.1" 200 15845
"GET /static/admin/img/selector-icons.svg HTTP/1.1" 200 3291
"POST /admin/users/user/1/change/ HTTP/1.1" 302 0
"GET /admin/users/user/ HTTP/1.1" 200 14568
"GET /admin/jsi18n/ HTTP/1.1" 200 3342
"GET /api/auth/profile?Authorization=Token%209f2bbc553ce949650aaeb702846043194cc99923 HTTP/1.1" 301 0
"GET /api/auth/profile/?Authorization=Token%209f2bbc553ce949650aaeb702846043194cc99923 HTTP/1.1" 200 242
"GET /api/auth/dashboard?Authorization=Token%209f2bbc553ce949650aaeb702846043194cc99923 HTTP/1.1" 301 0
"GET /api/auth/dashboard/?Authorization=Token%209f2bbc553ce949650aaeb702846043194cc99923 HTTP/1.1" 200 285
Watching for file changes with StatReloader
"GET /admin/users/user/ HTTP/1.1" 200 14350
"GET /admin/jsi18n/ HTTP/1.1" 200 3342
"GET /admin/users/user/add/ HTTP/1.1" 200 17597
"GET /admin/jsi18n/ HTTP/1.1" 200 3342
"POST /admin/users/user/add/ HTTP/1.1" 302 0
"GET /admin/users/user/2/change/ HTTP/1.1" 200 35370
"GET /static/admin/js/inlines.js HTTP/1.1" 304 0
"GET /admin/jsi18n/ HTTP/1.1" 200 3342
Bad Request: /api/auth/login/
"POST /api/auth/login/ HTTP/1.1" 400 82
Watching for file changes with StatReloader
"GET / HTTP/1.1" 200 101
Not Found: /favicon.ico
"GET /favicon.ico HTTP/1.1" 404 3512
"GET /admin/ HTTP/1.1" 200 9074
"GET /admin/authtoken/tokenproxy/ HTTP/1.1" 200 10660
"GET /admin/users/user/ HTTP/1.1" 200 14981
"GET /admin/jsi18n/ HTTP/1.1" 200 3342
Watching for file changes with StatReloader
"GET / HTTP/1.1" 200 101
Not Found: /favicon.ico
"GET /favicon.ico HTTP/1.1" 404 3512
"GET /admin/ HTTP/1.1" 200 9074
"GET /static/admin/css/base.css HTTP/1.1" 304 0
"GET /static/admin/css/dark_mode.css HTTP/1.1" 304 0
"GET /static/admin/js/theme.js HTTP/1.1" 304 0
"GET /static/admin/css/nav_sidebar.css HTTP/1.1" 304 0
"GET /static/admin/css/responsive.css HTTP/1.1" 304 0
"GET /static/admin/css/dashboard.css HTTP/1.1" 304 0
"GET /static/admin/js/nav_sidebar.js HTTP/1.1" 304 0
"GET /static/admin/img/icon-changelink.svg HTTP/1.1" 304 0
"GET /static/admin/img/icon-addlink.svg HTTP/1.1" 304 0
"POST /admin/logout/ HTTP/1.1" 200 3563
"GET /admin/ HTTP/1.1" 302 0
"GET /admin/login/?next=/admin/ HTTP/1.1" 200 4168
"GET /static/admin/css/login.css HTTP/1.1" 304 0
"POST /admin/login/?next=/admin/ HTTP/1.1" 302 0
"GET /admin/ HTTP/1.1" 200 9074
Watching for file changes with StatReloader
"GET / HTTP/1.1" 200 101
Watching for file changes with StatReloader
"GET / HTTP/1.1" 200 101
Not Found: /favicon.ico
"GET /favicon.ico HTTP/1.1" 404 3667
"GET /admin/ HTTP/1.1" 200 9074
Watching for file changes with StatReloader
"GET / HTTP/1.1" 200 101
Not Found: /favicon.ico
"GET /favicon.ico HTTP/1.1" 404 3512
"GET /admin/ HTTP/1.1" 200 11396
"GET /admin/courses/course/add/ HTTP/1.1" 200 25257
"GET /static/admin/css/forms.css HTTP/1.1" 304 0
"GET /static/admin/js/vendor/jquery/jquery.js HTTP/1.1" 304 0
"GET /static/admin/js/jquery.init.js HTTP/1.1" 304 0
"GET /static/admin/js/prepopulate.js HTTP/1.1" 304 0
"GET /static/admin/js/actions.js HTTP/1.1" 304 0
"GET /static/admin/js/core.js HTTP/1.1" 304 0
"GET /static/admin/js/admin/RelatedObjectLookups.js HTTP/1.1" 304 0
"GET /static/admin/js/vendor/xregexp/xregexp.js HTTP/1.1" 304 0
"GET /static/admin/js/urlify.js HTTP/1.1" 304 0
"GET /static/admin/js/prepopulate_init.js HTTP/1.1" 304 0
"GET /static/admin/css/widgets.css HTTP/1.1" 304 0
"GET /admin/jsi18n/ HTTP/1.1" 200 3342
"GET /static/admin/img/icon-viewlink.svg HTTP/1.1" 304 0
"GET /static/admin/js/change_form.js HTTP/1.1" 304 0
"GET /static/admin/img/inline-delete.svg HTTP/1.1" 304 0
"POST /admin/courses/course/add/ HTTP/1.1" 302 0
"GET /admin/courses/course/ HTTP/1.1" 200 16067
"GET /static/admin/css/changelists.css HTTP/1.1" 304 0
"GET /static/admin/img/icon-yes.svg HTTP/1.1" 304 0
"GET /static/admin/img/search.svg HTTP/1.1" 304 0
"GET /static/admin/js/filters.js HTTP/1.1" 304 0
"GET /admin/jsi18n/ HTTP/1.1" 200 3342
"GET /static/admin/img/tooltag-add.svg HTTP/1.1" 304 0
"GET /static/admin/img/sorting-icons.svg HTTP/1.1" 304 0
"GET /admin/courses/course/ HTTP/1.1" 200 15845
"GET /admin/jsi18n/ HTTP/1.1" 200 3342
"GET /admin/courses/topic/ HTTP/1.1" 200 15299
"GET /admin/jsi18n/ HTTP/1.1" 200 3342
"POST /api/auth/login/ HTTP/1.1" 200 505
"GET /api/auth/dashboard?Authorization=Token%20c7821a3796d29497d862ab1aadec6b3a42f4b576 HTTP/1.1" 301 0
Unauthorized: /api/auth/dashboard/
"GET /api/auth/dashboard/?Authorization=Token%20c7821a3796d29497d862ab1aadec6b3a42f4b576 HTTP/1.1" 401 58
"GET /api/auth/dashboard?Authorization=Token%209f2bbc553ce949650aaeb702846043194cc99923 HTTP/1.1" 301 0
"GET /api/auth/dashboard/?Authorization=Token%209f2bbc553ce949650aaeb702846043194cc99923 HTTP/1.1" 200 285
"POST /api/auth/login/ HTTP/1.1" 200 505
"GET /api/auth/dashboard?Authorization=Token%20c7821a3796d29497d862ab1aadec6b3a42f4b576 HTTP/1.1" 301 0
Unauthorized: /api/auth/dashboard/
"GET /api/auth/dashboard/?Authorization=Token%20c7821a3796d29497d862ab1aadec6b3a42f4b576 HTTP/1.1" 401 58
"GET /api/auth/dashboard?Authorization=Token%209f2bbc553ce949650aaeb702846043194cc99923 HTTP/1.1" 301 0
"GET /api/auth/dashboard/?Authorization=Token%209f2bbc553ce949650aaeb702846043194cc99923 HTTP/1.1" 200 285
"GET /api/auth/check-enrollment?Authorization=Token%20c7821a3796d29497d862ab1aadec6b3a42f4b576 HTTP/1.1" 301 0
Bad Request: /api/auth/check-enrollment/
"GET /api/auth/check-enrollment/?Authorization=Token%20c7821a3796d29497d862ab1aadec6b3a42f4b576 HTTP/1.1" 400 38
Not Found: /api/auth/dashoard
"GET /api/auth/dashoard?Authorization=Token%20c7821a3796d29497d862ab1aadec6b3a42f4b576 HTTP/1.1" 404 5804
Not Found: /api/auth/dashoard
"GET /api/auth/dashoard?Authorization=Token%20c7821a3796d29497d862ab1aadec6b3a42f4b576 HTTP/1.1" 404 5804
Not Found: /api/auth/dashoard
"GET /api/auth/dashoard?Authorization=Token%20c7821a3796d29497d862ab1aadec6b3a42f4b576 HTTP/1.1" 404 5804
"GET /api/auth/dashboard?Authorization=Token%209f2bbc553ce949650aaeb702846043194cc99923 HTTP/1.1" 301 0
"GET /api/auth/dashboard/?Authorization=Token%209f2bbc553ce949650aaeb702846043194cc99923 HTTP/1.1" 200 285
Not Found: /api/auth/dashoard
"GET /api/auth/dashoard?Authorization=Token%20c7821a3796d29497d862ab1aadec6b3a42f4b576 HTTP/1.1" 404 5804
"GET /admin/users/user/ HTTP/1.1" 200 16766
"GET /admin/jsi18n/ HTTP/1.1" 200 3342
"POST /admin/users/user/ HTTP/1.1" 302 0
"GET /admin/users/user/ HTTP/1.1" 200 16959
"GET /admin/jsi18n/ HTTP/1.1" 200 3342
"GET /static/admin/img/icon-alert.svg HTTP/1.1" 200 504
"GET /admin/users/studentprofile/ HTTP/1.1" 200 13367
"GET /admin/jsi18n/ HTTP/1.1" 200 3342
"GET /admin/users/studentprofile/1/change/ HTTP/1.1" 200 15926
"GET /admin/jsi18n/ HTTP/1.1" 200 3342
"POST /admin/users/studentprofile/1/change/ HTTP/1.1" 302 0
"GET /admin/users/studentprofile/ HTTP/1.1" 200 13599
"GET /admin/jsi18n/ HTTP/1.1" 200 3342
Unauthorized: /api/auth/logout/
"POST /api/auth/logout/ HTTP/1.1" 401 58
Unauthorized: /api/auth/logout/
"POST /api/auth/logout/ HTTP/1.1" 401 58
"POST /api/auth/login/ HTTP/1.1" 200 505
Unauthorized: /api/auth/logout/
"POST /api/auth/logout/ HTTP/1.1" 401 58
Bad Request: /api/auth/login/
"POST /api/auth/login/ HTTP/1.1" 400 68
Bad Request: /api/auth/login/
"POST /api/auth/login/ HTTP/1.1" 400 68
"POST /api/auth/login/ HTTP/1.1" 200 354
Unauthorized: /api/auth/logout/
"POST /api/auth/logout/ HTTP/1.1" 401 58
Bad Request: /api/auth/login/
"POST /api/auth/login/ HTTP/1.1" 400 68
"POST /api/auth/login/ HTTP/1.1" 200 354
Not Found: /api/courses/courses
"GET /api/courses/courses?Authorization=Token%209f2bbc553ce949650aaeb702846043194cc99923 HTTP/1.1" 404 3599
"GET /admin/courses/course/ HTTP/1.1" 200 15845
"GET /admin/jsi18n/ HTTP/1.1" 200 3342
"GET /admin/courses/course/1/change/ HTTP/1.1" 200 30589
"GET /admin/jsi18n/ HTTP/1.1" 200 3342
Not Found: /api/courses/courses
"GET /api/courses/courses?Authorization=Token%209f2bbc553ce949650aaeb702846043194cc99923 HTTP/1.1" 404 3599
Not Found: /api/courses/courses/
"GET /api/courses/courses/ HTTP/1.1" 404 3539
Not Found: /api/courses/courses/
"GET /api/courses/courses/ HTTP/1.1" 404 3539
C:\Users\rechs\OneDrive\Desktop\CES-CourseEngagementSystem\backend\ces_main\urls.py changed, reloading.
Watching for file changes with StatReloader
Watching for file changes with StatReloader
Watching for file changes with StatReloader
"GET /admin/courses/course/1/change/ HTTP/1.1" 200 30589
"GET /admin/jsi18n/ HTTP/1.1" 200 3342
"GET /api/courses/courses/ HTTP/1.1" 200 414
C:\Users\rechs\OneDrive\Desktop\CES-CourseEngagementSystem\backend\courses\urls.py changed, reloading.
Watching for file changes with StatReloader
"GET /api/courses/courses/1/ HTTP/1.1" 200 362
"GET /api/courses/my-courses/ HTTP/1.1" 200 399
"GET /api/auth/dashboard/ HTTP/1.1" 200 285
"GET /api/auth/dashboard/ HTTP/1.1" 200 285
"POST /api/auth/login/ HTTP/1.1" 200 505
"POST /api/auth/login/ HTTP/1.1" 200 505
"GET /api/auth/dashboard/ HTTP/1.1" 200 530
Bad Request: /api/auth/check-enrollment/
"GET /api/auth/check-enrollment/ HTTP/1.1" 400 38
"GET /api/auth/profile/ HTTP/1.1" 200 394
Method Not Allowed: /api/auth/logout/
"GET /api/auth/logout/ HTTP/1.1" 405 40
"GET /api/auth/dashboard/ HTTP/1.1" 200 530
Unauthorized: /api/auth/logout/
"POST /api/auth/logout/ HTTP/1.1" 401 58
Not Found: /api/users/login/
"POST /api/users/login/ HTTP/1.1" 404 3683
Not Found: /api/users/logout/
"POST /api/users/logout/ HTTP/1.1" 404 3686
Not Found: /api/users/logout/
"POST /api/users/logout/ HTTP/1.1" 404 3686
Not Found: /api/users/logout/
"POST /api/users/logout/ HTTP/1.1" 404 3686
Not Found: /api/users/logout/
"POST /api/users/logout/ HTTP/1.1" 404 3686
Not Found: /api/users/logout/
"POST /api/users/logout/ HTTP/1.1" 404 3686
C:\Users\rechs\OneDrive\Desktop\CES-CourseEngagementSystem\backend\users\views.py changed, reloading.
Watching for file changes with StatReloader
C:\Users\rechs\OneDrive\Desktop\CES-CourseEngagementSystem\backend\users\views.py changed, reloading.
Watching for file changes with StatReloader
Not Found: /api/users/logout/
"POST /api/users/logout/ HTTP/1.1" 404 3686
Unauthorized: /api/auth/logout/
"POST /api/auth/logout/ HTTP/1.1" 401 58
Unauthorized: /api/auth/logout/
"POST /api/auth/logout/ HTTP/1.1" 401 58
"POST /api/auth/login/ HTTP/1.1" 200 354
"POST /api/auth/login/ HTTP/1.1" 200 505
Unauthorized: /api/auth/logout/
"POST /api/auth/logout/ HTTP/1.1" 401 58
"GET /api/auth/dashboard?Authorization=Token%209f2bbc553ce949650aaeb702846043194cc99923 HTTP/1.1" 301 0
"GET /api/auth/dashboard/?Authorization=Token%209f2bbc553ce949650aaeb702846043194cc99923 HTTP/1.1" 200 285
Not Found: /api/dashboard
"GET /api/dashboard?Authorization=Token%209f2bbc553ce949650aaeb702846043194cc99923 HTTP/1.1" 404 3736
"GET /api/auth/dashboard?Authorization=Token%209f2bbc553ce949650aaeb702846043194cc99923 HTTP/1.1" 301 0
"GET /api/auth/dashboard/?Authorization=Token%209f2bbc553ce949650aaeb702846043194cc99923 HTTP/1.1" 200 285
Not Found: /api/courses/dashboard
"GET /api/courses/dashboard?Authorization=Token%209f2bbc553ce949650aaeb702846043194cc99923 HTTP/1.1" 404 13134
Not Found: /api/courses/dashboard/
"GET /api/courses/dashboard/ HTTP/1.1" 404 13074
Not Found: /api/courses/dashboard/
"GET /api/courses/dashboard/ HTTP/1.1" 404 13074
"GET /api/courses/courses/ HTTP/1.1" 200 414
Not Found: /api/courses/dashboard/
"GET /api/courses/dashboard/ HTTP/1.1" 404 13074
"GET /api/courses/student/dashboard HTTP/1.1" 301 0
Forbidden: /api/courses/student/dashboard/
"GET /api/courses/student/dashboard/ HTTP/1.1" 403 46
"GET /api/courses/student/dashboard HTTP/1.1" 301 0
Forbidden: /api/courses/student/dashboard/
"GET /api/courses/student/dashboard/ HTTP/1.1" 403 46
Not Found: /api/courses/1
"GET /api/courses/1 HTTP/1.1" 404 13047
Not Found: /api/course/a
"GET /api/course/a HTTP/1.1" 404 3670
Not Found: /api/course/1
"GET /api/course/1 HTTP/1.1" 404 3670
Not Found: /api/course/1
"GET /api/course/1 HTTP/1.1" 404 3670
Not Found: /api/courses/course/1
"GET /api/courses/course/1 HTTP/1.1" 404 13068
"GET /api/courses/courses/ HTTP/1.1" 200 414
"GET /api/courses/topics/ HTTP/1.1" 200 319
"GET /api/courses/my-courses/ HTTP/1.1" 200 399
Unauthorized: /api/courses/my-courses/
"POST /api/courses/my-courses/ HTTP/1.1" 401 58
Unauthorized: /api/auth/logout/
"POST /api/auth/logout/ HTTP/1.1" 401 58
Unauthorized: /api/auth/logout/
"POST /api/auth/logout/ HTTP/1.1" 401 58
"POST /api/auth/logout/ HTTP/1.1" 200 31
Unauthorized: /api/auth/logout/
"POST /api/auth/logout/ HTTP/1.1" 401 27
Watching for file changes with StatReloader
"GET /admin/courses/course/1/change/ HTTP/1.1" 200 30589
"GET /admin/jsi18n/ HTTP/1.1" 200 3342
"GET / HTTP/1.1" 200 101
"GET /admin/ HTTP/1.1" 200 12145
Watching for file changes with StatReloader
"GET / HTTP/1.1" 200 101
"GET /admin/ HTTP/1.1" 200 15627
"GET /admin/quizzes/question/ HTTP/1.1" 200 14763
"GET /admin/jsi18n/ HTTP/1.1" 200 3342
"GET /admin/quizzes/quiz/ HTTP/1.1" 200 15986
"GET /admin/jsi18n/ HTTP/1.1" 200 3342
"GET /admin/quizzes/quiz/add/ HTTP/1.1" 200 26496
"GET /admin/jsi18n/ HTTP/1.1" 200 3342
"POST /admin/quizzes/quiz/add/ HTTP/1.1" 200 32082
"GET /admin/jsi18n/ HTTP/1.1" 200 3342
"POST /admin/quizzes/quiz/add/ HTTP/1.1" 302 0
"GET /admin/quizzes/quiz/ HTTP/1.1" 200 19188
"GET /static/admin/img/icon-no.svg HTTP/1.1" 304 0
"GET /admin/jsi18n/ HTTP/1.1" 200 3342
"GET /admin/quizzes/question/ HTTP/1.1" 200 18752
"GET /admin/jsi18n/ HTTP/1.1" 200 3342
"GET /admin/quizzes/choice/ HTTP/1.1" 200 14641
"GET /admin/jsi18n/ HTTP/1.1" 200 3342
"GET /admin/quizzes/choice/add/ HTTP/1.1" 200 17496
"GET /admin/jsi18n/ HTTP/1.1" 200 3342
"GET /admin/quizzes/question/ HTTP/1.1" 200 18752
"GET /admin/jsi18n/ HTTP/1.1" 200 3342
"GET /admin/quizzes/choice/ HTTP/1.1" 200 14641
"GET /admin/jsi18n/ HTTP/1.1" 200 3342
"GET /admin/quizzes/choice/add/ HTTP/1.1" 200 17496
"GET /admin/jsi18n/ HTTP/1.1" 200 3342
"POST /admin/quizzes/choice/add/ HTTP/1.1" 302 0
"GET /admin/quizzes/choice/ HTTP/1.1" 200 17391
"GET /admin/jsi18n/ HTTP/1.1" 200 3342
"GET /admin/quizzes/choice/add/ HTTP/1.1" 200 17496
"GET /admin/jsi18n/ HTTP/1.1" 200 3342
"POST /admin/quizzes/choice/add/ HTTP/1.1" 302 0
"GET /admin/quizzes/choice/ HTTP/1.1" 200 17880
"GET /admin/jsi18n/ HTTP/1.1" 200 3342
"GET /admin/quizzes/choice/add/ HTTP/1.1" 200 17496
"GET /admin/jsi18n/ HTTP/1.1" 200 3342
"POST /admin/quizzes/choice/add/ HTTP/1.1" 302 0
"GET /admin/quizzes/choice/ HTTP/1.1" 200 18368
"GET /admin/jsi18n/ HTTP/1.1" 200 3342
"GET /admin/quizzes/choice/add/ HTTP/1.1" 200 17496
"GET /admin/jsi18n/ HTTP/1.1" 200 3342
"POST /admin/quizzes/choice/add/ HTTP/1.1" 302 0
"GET /admin/quizzes/choice/ HTTP/1.1" 200 18820
"GET /admin/jsi18n/ HTTP/1.1" 200 3342
"GET /admin/quizzes/choice/add/ HTTP/1.1" 200 17496
"GET /admin/jsi18n/ HTTP/1.1" 200 3342
"POST /admin/quizzes/choice/add/ HTTP/1.1" 200 17690
"GET /admin/jsi18n/ HTTP/1.1" 200 3342
"POST /admin/quizzes/choice/add/ HTTP/1.1" 302 0
"GET /admin/quizzes/choice/ HTTP/1.1" 200 19286
"GET /admin/jsi18n/ HTTP/1.1" 200 3342
"GET /admin/quizzes/question/ HTTP/1.1" 200 18752
"GET /admin/jsi18n/ HTTP/1.1" 200 3342
"GET /admin/quizzes/question/3/change/ HTTP/1.1" 200 25972
"GET /admin/jsi18n/ HTTP/1.1" 200 3342
"POST /admin/quizzes/question/3/change/ HTTP/1.1" 302 0
"GET /admin/quizzes/question/ HTTP/1.1" 200 19001
"GET /admin/jsi18n/ HTTP/1.1" 200 3342
"GET /admin/quizzes/answer/ HTTP/1.1" 200 15856
"GET /admin/jsi18n/ HTTP/1.1" 200 3342
"GET /admin/quizzes/answer/add/ HTTP/1.1" 200 22952
"GET /admin/jsi18n/ HTTP/1.1" 200 3342
"GET /admin/users/user/ HTTP/1.1" 200 19373
"GET /admin/jsi18n/ HTTP/1.1" 200 3342
"GET /admin/courses/course/ HTTP/1.1" 200 18452
"GET /admin/jsi18n/ HTTP/1.1" 200 3342
"GET /admin/users/studentprofile/ HTTP/1.1" 200 15974
"GET /admin/jsi18n/ HTTP/1.1" 200 3342
"GET /admin/courses/courseenrollment/ HTTP/1.1" 200 17920
"GET /admin/jsi18n/ HTTP/1.1" 200 3342
"GET /admin/courses/courseenrollment/1/change/ HTTP/1.1" 200 18912
"GET /admin/jsi18n/ HTTP/1.1" 200 3342
"POST /admin/courses/courseenrollment/1/change/ HTTP/1.1" 302 0
"GET /admin/courses/courseenrollment/ HTTP/1.1" 200 18170
"GET /admin/jsi18n/ HTTP/1.1" 200 3342
"GET /admin/quizzes/answer/ HTTP/1.1" 200 15856
"GET /admin/jsi18n/ HTTP/1.1" 200 3342
"GET /admin/quizzes/answer/add/ HTTP/1.1" 200 22952
"GET /admin/jsi18n/ HTTP/1.1" 200 3342
"GET /admin/users/user/ HTTP/1.1" 200 19373
"GET /admin/jsi18n/ HTTP/1.1" 200 3342
"GET /admin/courses/course/ HTTP/1.1" 200 18452
"GET /admin/jsi18n/ HTTP/1.1" 200 3342
"GET /admin/courses/course/1/change/ HTTP/1.1" 200 33196
"GET /admin/jsi18n/ HTTP/1.1" 200 3342
"POST /admin/courses/course/1/change/ HTTP/1.1" 302 0
"GET /admin/courses/course/ HTTP/1.1" 200 18676
"GET /admin/jsi18n/ HTTP/1.1" 200 3342
"GET /admin/authtoken/tokenproxy/ HTTP/1.1" 200 15052
"GET /admin/auth/group/ HTTP/1.1" 200 13963
"GET /admin/jsi18n/ HTTP/1.1" 200 3342
"GET /admin/authtoken/tokenproxy/ HTTP/1.1" 200 15052
"GET /admin/users/user/ HTTP/1.1" 200 19373
"GET /admin/jsi18n/ HTTP/1.1" 200 3342
"GET /admin/users/user/2/change/ HTTP/1.1" 200 42083
"GET /admin/jsi18n/ HTTP/1.1" 200 3342
"POST /admin/users/user/2/change/ HTTP/1.1" 302 0
"GET /admin/users/user/ HTTP/1.1" 200 19596
"GET /admin/jsi18n/ HTTP/1.1" 200 3342
"GET /admin/courses/course/ HTTP/1.1" 200 18452
"GET /admin/jsi18n/ HTTP/1.1" 200 3342
"GET /admin/courses/course/1/change/ HTTP/1.1" 200 33195
"GET /admin/jsi18n/ HTTP/1.1" 200 3342
"GET /admin/courses/topic/ HTTP/1.1" 200 17906
"GET /admin/jsi18n/ HTTP/1.1" 200 3342
"GET /admin/courses/course/ HTTP/1.1" 200 18452
"GET /admin/jsi18n/ HTTP/1.1" 200 3342
"GET /admin/quizzes/answer/add/ HTTP/1.1" 200 22952
"GET /admin/jsi18n/ HTTP/1.1" 200 3342
Watching for file changes with StatReloader
"GET /admin/quizzes/answer/add/ HTTP/1.1" 200 23000
"GET /admin/jsi18n/ HTTP/1.1" 200 3342
"POST /api/auth/login/ HTTP/1.1" 200 505
Not Found: /api/quizzes/quizzes/
"GET /api/quizzes/quizzes/ HTTP/1.1" 404 3694
Not Found: /api/quizzes/quizzes/
"GET /api/quizzes/quizzes/ HTTP/1.1" 404 3694
"GET /admin/users/user/ HTTP/1.1" 200 19405
"GET /admin/jsi18n/ HTTP/1.1" 200 3342
"GET /admin/courses/course/ HTTP/1.1" 200 18484
"GET /admin/jsi18n/ HTTP/1.1" 200 3342
"GET /admin/courses/topic/ HTTP/1.1" 200 17938
"GET /admin/jsi18n/ HTTP/1.1" 200 3342
"GET /admin/courses/course/ HTTP/1.1" 200 18484
"GET /admin/jsi18n/ HTTP/1.1" 200 3342
"GET /admin/courses/topic/ HTTP/1.1" 200 17938
"GET /admin/jsi18n/ HTTP/1.1" 200 3342
"GET /admin/courses/topic/1/change/ HTTP/1.1" 200 18988
"GET /admin/jsi18n/ HTTP/1.1" 200 3342
Watching for file changes with StatReloader
"GET /admin/quizzes/quiz/ HTTP/1.1" 200 19018
"GET /admin/jsi18n/ HTTP/1.1" 200 3342
"GET /admin/quizzes/quiz/1/change/ HTTP/1.1" 200 32622
"GET /static/admin/js/inlines.js HTTP/1.1" 304 0
"GET /admin/jsi18n/ HTTP/1.1" 200 3342
"POST /admin/quizzes/quiz/1/change/ HTTP/1.1" 302 0
"GET /admin/quizzes/quiz/ HTTP/1.1" 200 19238
"GET /admin/jsi18n/ HTTP/1.1" 200 3342
Watching for file changes with StatReloader
"OPTIONS /api/auth/login/ HTTP/1.1" 200 169
"OPTIONS /api/auth/login/ HTTP/1.1" 200 169
"OPTIONS /api/auth/check-enrollment/?student_number=llxsim001 HTTP/1.1" 200 212
"OPTIONS /api/auth/check-enrollment/?student_number=llxsim001 HTTP/1.1" 200 212
"OPTIONS /api/auth/login/ HTTP/1.1" 200 169
"OPTIONS /api/auth/login/ HTTP/1.1" 200 169
"OPTIONS /api/auth/login/ HTTP/1.1" 200 169
"OPTIONS /api/auth/login/ HTTP/1.1" 200 169
"OPTIONS /api/auth/login/ HTTP/1.1" 200 169
Unauthorized: /api/auth/profile/
"OPTIONS /api/auth/profile/ HTTP/1.1" 401 58
Unauthorized: /api/auth/dashboard/
"OPTIONS /api/auth/dashboard/ HTTP/1.1" 401 58
"OPTIONS /api/auth/login/ HTTP/1.1" 200 169
"OPTIONS /api/auth/login/ HTTP/1.1" 200 169
C:\Users\rechs\OneDrive\Desktop\CES-CourseEngagementSystem\backend\ces_main\settings.py changed, reloading.
C:\Users\rechs\OneDrive\Desktop\CES-CourseEngagementSystem\backend\ces_main\settings.py changed, reloading.
Watching for file changes with StatReloader
"GET /admin/quizzes/quiz/ HTTP/1.1" 200 19018
"GET /admin/jsi18n/ HTTP/1.1" 200 3342
"OPTIONS /api/auth/login/ HTTP/1.1" 200 0
"POST /api/auth/login/ HTTP/1.1" 200 505
"OPTIONS /api/auth/check-enrollment/?student_number=llxsim001 HTTP/1.1" 200 0
"GET /api/auth/check-enrollment/?student_number=llxsim001 HTTP/1.1" 200 51
"OPTIONS /api/courses/courses/ HTTP/1.1" 200 0
"GET /api/courses/courses/ HTTP/1.1" 200 414
"OPTIONS /api/courses/student/dashboard/ HTTP/1.1" 200 0
"GET /api/courses/student/dashboard/ HTTP/1.1" 200 355
"OPTIONS /api/courses/my-courses/ HTTP/1.1" 200 0
"GET /api/courses/my-courses/ HTTP/1.1" 200 252
"OPTIONS /api/quizzes/quizzes/1/start_live/ HTTP/1.1" 200 0
Not Found: /api/quizzes/quizzes/1/start_live/
"POST /api/quizzes/quizzes/1/start_live/ HTTP/1.1" 404 3734
"OPTIONS /api/quizzes/quiz/start/ HTTP/1.1" 200 0
Not Found: /api/quizzes/quiz/start/
"POST /api/quizzes/quiz/start/ HTTP/1.1" 404 3704
"OPTIONS /api/quizzes/quizzes/1/start_live/ HTTP/1.1" 200 0
Not Found: /api/quizzes/quizzes/1/start_live/
"POST /api/quizzes/quizzes/1/start_live/ HTTP/1.1" 404 3734
"GET /admin/quizzes/quiz/ HTTP/1.1" 200 19018
"GET /admin/jsi18n/ HTTP/1.1" 200 3342
"GET /admin/quizzes/quiz/1/change/ HTTP/1.1" 200 32632
"GET /admin/jsi18n/ HTTP/1.1" 200 3342
"POST /admin/quizzes/quiz/1/change/ HTTP/1.1" 200 32865
"GET /admin/jsi18n/ HTTP/1.1" 200 3342
"POST /admin/quizzes/quiz/1/change/ HTTP/1.1" 200 32865
"GET /admin/jsi18n/ HTTP/1.1" 200 3342
"POST /admin/quizzes/quiz/1/change/ HTTP/1.1" 200 32867
"GET /admin/jsi18n/ HTTP/1.1" 200 3342
"GET /admin/quizzes/quiz/ HTTP/1.1" 200 19018
"GET /admin/jsi18n/ HTTP/1.1" 200 3342
"GET /admin/quizzes/quiz/1/change/ HTTP/1.1" 200 32632
"GET /admin/jsi18n/ HTTP/1.1" 200 3342
"POST /admin/quizzes/quiz/1/change/ HTTP/1.1" 302 0
"GET /admin/quizzes/quiz/ HTTP/1.1" 200 19238
"GET /admin/jsi18n/ HTTP/1.1" 200 3342
"GET /admin/quizzes/quiz/1/change/ HTTP/1.1" 200 32632
"GET /admin/jsi18n/ HTTP/1.1" 200 3342
"GET /admin/quizzes/quiz/ HTTP/1.1" 200 19018
"GET /admin/jsi18n/ HTTP/1.1" 200 3342
"OPTIONS /api/quizzes/quizzes/1/start_live/ HTTP/1.1" 200 0
Not Found: /api/quizzes/quizzes/1/start_live/
"POST /api/quizzes/quizzes/1/start_live/ HTTP/1.1" 404 3734
"OPTIONS /api/quizzes/quiz/start/ HTTP/1.1" 200 0
Not Found: /api/quizzes/quiz/start/
"POST /api/quizzes/quiz/start/ HTTP/1.1" 404 3704
"GET /admin/quizzes/quiz/ HTTP/1.1" 200 19018
"GET /admin/jsi18n/ HTTP/1.1" 200 3342
"GET /admin/quizzes/quiz/1/change/ HTTP/1.1" 200 32632
"GET /admin/jsi18n/ HTTP/1.1" 200 3342
"GET /admin/quizzes/quiz/ HTTP/1.1" 200 19018
"GET /admin/jsi18n/ HTTP/1.1" 200 3342
"GET /admin/quizzes/quiz/1/change/ HTTP/1.1" 200 32632
"GET /admin/jsi18n/ HTTP/1.1" 200 3342
"GET /admin/quizzes/quiz/ HTTP/1.1" 200 19018
"GET /admin/jsi18n/ HTTP/1.1" 200 3342
"OPTIONS /api/quizzes/quizzes/1/start_live/ HTTP/1.1" 200 0
Not Found: /api/quizzes/quizzes/1/start_live/
"POST /api/quizzes/quizzes/1/start_live/ HTTP/1.1" 404 3734
"OPTIONS /api/quizzes/quiz/start/ HTTP/1.1" 200 0
Not Found: /api/quizzes/quiz/start/
"POST /api/quizzes/quiz/start/ HTTP/1.1" 404 3704
"OPTIONS /api/quizzes/quizzes/1/start_live/ HTTP/1.1" 200 0
Not Found: /api/quizzes/quizzes/1/start_live/
"POST /api/quizzes/quizzes/1/start_live/ HTTP/1.1" 404 3734
"OPTIONS /api/quizzes/quiz/start/ HTTP/1.1" 200 0
Not Found: /api/quizzes/quiz/start/
"POST /api/quizzes/quiz/start/ HTTP/1.1" 404 3704
C:\Users\rechs\OneDrive\Desktop\CES-CourseEngagementSystem\backend\ces_main\urls.py changed, reloading.
Watching for file changes with StatReloader
Watching for file changes with StatReloader
Watching for file changes with StatReloader
"OPTIONS /api/quizzes/quizzes/1/start_live/ HTTP/1.1" 200 0
Forbidden: /api/quizzes/quizzes/1/start_live/
"POST /api/quizzes/quizzes/1/start_live/ HTTP/1.1" 403 63
"OPTIONS /api/auth/login/ HTTP/1.1" 200 0
"POST /api/auth/login/ HTTP/1.1" 200 505
"OPTIONS /api/quizzes/quizzes/1/start_live/ HTTP/1.1" 200 0
Forbidden: /api/quizzes/quizzes/1/start_live/
"POST /api/quizzes/quizzes/1/start_live/ HTTP/1.1" 403 63
"OPTIONS /api/quizzes/quiz/start/ HTTP/1.1" 200 0
"POST /api/quizzes/quiz/start/ HTTP/1.1" 201 564
"OPTIONS /api/quizzes/quiz/start/ HTTP/1.1" 200 0
Bad Request: /api/quizzes/quiz/start/
"POST /api/quizzes/quiz/start/ HTTP/1.1" 400 62
"OPTIONS /api/quizzes/quizzes/1/start_live/ HTTP/1.1" 200 0
Forbidden: /api/quizzes/quizzes/1/start_live/
"POST /api/quizzes/quizzes/1/start_live/ HTTP/1.1" 403 63
"OPTIONS /api/quizzes/student/available-quizzes/ HTTP/1.1" 200 0
"GET /api/quizzes/student/available-quizzes/ HTTP/1.1" 200 40
"OPTIONS /api/quizzes/student/my-attempts/ HTTP/1.1" 200 0
"GET /api/quizzes/student/my-attempts/ HTTP/1.1" 200 355
"OPTIONS /api/quizzes/student/my-attempts/ HTTP/1.1" 200 0
"GET /api/quizzes/student/my-attempts/ HTTP/1.1" 200 355
"OPTIONS /api/quizzes/student/my-attempts/ HTTP/1.1" 200 0
"GET /api/quizzes/student/my-attempts/ HTTP/1.1" 200 355
"OPTIONS /api/quizzes/student/available-quizzes/ HTTP/1.1" 200 0
"GET /api/quizzes/student/available-quizzes/ HTTP/1.1" 200 40
"OPTIONS /api/quizzes/quizzes/ HTTP/1.1" 200 0
"GET /api/quizzes/quizzes/ HTTP/1.1" 200 546
"OPTIONS /api/quizzes/student/available-quizzes/ HTTP/1.1" 200 0
"GET /api/quizzes/student/available-quizzes/ HTTP/1.1" 200 40
"OPTIONS /api/quizzes/quiz/start/ HTTP/1.1" 200 0
Bad Request: /api/quizzes/quiz/start/
"POST /api/quizzes/quiz/start/ HTTP/1.1" 400 62
"OPTIONS /api/quizzes/student/available-quizzes/ HTTP/1.1" 200 0
"GET /api/quizzes/student/available-quizzes/ HTTP/1.1" 200 40
"OPTIONS /api/quizzes/quizzes/ HTTP/1.1" 200 0
"GET /api/quizzes/quizzes/ HTTP/1.1" 200 546
"GET /admin/quizzes/question/ HTTP/1.1" 200 18800
"GET /admin/jsi18n/ HTTP/1.1" 200 3342
"GET /admin/quizzes/question/3/change/ HTTP/1.1" 200 26050
"GET /admin/jsi18n/ HTTP/1.1" 200 3342
"OPTIONS /api/quizzes/quiz/submit-answer/ HTTP/1.1" 200 0
"POST /api/quizzes/quiz/submit-answer/ HTTP/1.1" 200 380
"OPTIONS /api/quizzes/quiz/submit/ HTTP/1.1" 200 0
"POST /api/quizzes/quiz/submit/ HTTP/1.1" 200 628
"GET /admin/quizzes/question/3/change/ HTTP/1.1" 200 26050
"GET /admin/jsi18n/ HTTP/1.1" 200 3342
"GET /admin/quizzes/quizattempt/ HTTP/1.1" 200 19055
"GET /admin/jsi18n/ HTTP/1.1" 200 3342
"GET /admin/quizzes/quizattempt/1/change/ HTTP/1.1" 200 25863
"GET /admin/jsi18n/ HTTP/1.1" 200 3342
"GET /admin/quizzes/quizattempt/ HTTP/1.1" 200 19055
"GET /admin/jsi18n/ HTTP/1.1" 200 3342
"GET /admin/quizzes/quizattempt/1/change/ HTTP/1.1" 200 25863
"GET /admin/jsi18n/ HTTP/1.1" 200 3342
Watching for file changes with StatReloader
"GET / HTTP/1.1" 200 101
Not Found: /favicon.ico
"GET /favicon.ico HTTP/1.1" 404 3822
"GET /admin/ HTTP/1.1" 200 17874
"GET /api/ HTTP/1.1" 200 383
"GET /api/auth/login HTTP/1.1" 301 0
Method Not Allowed: /api/auth/login/
"GET /api/auth/login/ HTTP/1.1" 405 40
"GET / HTTP/1.1" 200 101
Method Not Allowed: /api/auth/login/
"GET /api/auth/login/ HTTP/1.1" 405 40
Unauthorized: /api/courses/
"GET /api/courses/ HTTP/1.1" 401 58
Watching for file changes with StatReloader
Internal Server Error: /
Traceback (most recent call last):
  File "C:\Users\rechs\AppData\Local\Packages\PythonSoftwareFoundation.Python.3.13_qbz5n2kfra8p0\LocalCache\local-packages\Python313\site-packages\django\core\handlers\exception.py", line 55, in inner
    response = get_response(request)
  File "C:\Users\rechs\AppData\Local\Packages\PythonSoftwareFoundation.Python.3.13_qbz5n2kfra8p0\LocalCache\local-packages\Python313\site-packages\django\core\handlers\base.py", line 220, in _get_response
    response = response.render()
  File "C:\Users\rechs\AppData\Local\Packages\PythonSoftwareFoundation.Python.3.13_qbz5n2kfra8p0\LocalCache\local-packages\Python313\site-packages\django\template\response.py", line 114, in render
    self.content = self.rendered_content
                   ^^^^^^^^^^^^^^^^^^^^^
  File "C:\Users\rechs\AppData\Local\Packages\PythonSoftwareFoundation.Python.3.13_qbz5n2kfra8p0\LocalCache\local-packages\Python313\site-packages\django\template\response.py", line 90, in rendered_content
    template = self.resolve_template(self.template_name)
  File "C:\Users\rechs\AppData\Local\Packages\PythonSoftwareFoundation.Python.3.13_qbz5n2kfra8p0\LocalCache\local-packages\Python313\site-packages\django\template\response.py", line 72, in resolve_template
    return select_template(template, using=self.using)
  File "C:\Users\rechs\AppData\Local\Packages\PythonSoftwareFoundation.Python.3.13_qbz5n2kfra8p0\LocalCache\local-packages\Python313\site-packages\django\template\loader.py", line 47, in select_template
    raise TemplateDoesNotExist(", ".join(template_name_list), chain=chain)
django.template.exceptions.TemplateDoesNotExist: index.tsx
"GET / HTTP/1.1" 500 92991
C:\Users\rechs\OneDrive\Desktop\CES-CourseEngagementSystem\backend\ces_main\urls.py changed, reloading.
Watching for file changes with StatReloader
C:\Users\rechs\OneDrive\Desktop\CES-CourseEngagementSystem\backend\ces_main\urls.py changed, reloading.
Watching for file changes with StatReloader
Internal Server Error: /
Traceback (most recent call last):
  File "C:\Users\rechs\AppData\Local\Packages\PythonSoftwareFoundation.Python.3.13_qbz5n2kfra8p0\LocalCache\local-packages\Python313\site-packages\django\core\handlers\exception.py", line 55, in inner
    response = get_response(request)
  File "C:\Users\rechs\AppData\Local\Packages\PythonSoftwareFoundation.Python.3.13_qbz5n2kfra8p0\LocalCache\local-packages\Python313\site-packages\django\core\handlers\base.py", line 220, in _get_response
    response = response.render()
  File "C:\Users\rechs\AppData\Local\Packages\PythonSoftwareFoundation.Python.3.13_qbz5n2kfra8p0\LocalCache\local-packages\Python313\site-packages\django\template\response.py", line 114, in render
    self.content = self.rendered_content
                   ^^^^^^^^^^^^^^^^^^^^^
  File "C:\Users\rechs\AppData\Local\Packages\PythonSoftwareFoundation.Python.3.13_qbz5n2kfra8p0\LocalCache\local-packages\Python313\site-packages\django\template\response.py", line 90, in rendered_content
    template = self.resolve_template(self.template_name)
  File "C:\Users\rechs\AppData\Local\Packages\PythonSoftwareFoundation.Python.3.13_qbz5n2kfra8p0\LocalCache\local-packages\Python313\site-packages\django\template\response.py", line 72, in resolve_template
    return select_template(template, using=self.using)
  File "C:\Users\rechs\AppData\Local\Packages\PythonSoftwareFoundation.Python.3.13_qbz5n2kfra8p0\LocalCache\local-packages\Python313\site-packages\django\template\loader.py", line 47, in select_template
    raise TemplateDoesNotExist(", ".join(template_name_list), chain=chain)
django.template.exceptions.TemplateDoesNotExist: index.html
"GET / HTTP/1.1" 500 93144
Internal Server Error: /
Traceback (most recent call last):
  File "C:\Users\rechs\AppData\Local\Packages\PythonSoftwareFoundation.Python.3.13_qbz5n2kfra8p0\LocalCache\local-packages\Python313\site-packages\django\core\handlers\exception.py", line 55, in inner
    response = get_response(request)
  File "C:\Users\rechs\AppData\Local\Packages\PythonSoftwareFoundation.Python.3.13_qbz5n2kfra8p0\LocalCache\local-packages\Python313\site-packages\django\core\handlers\base.py", line 220, in _get_response
    response = response.render()
  File "C:\Users\rechs\AppData\Local\Packages\PythonSoftwareFoundation.Python.3.13_qbz5n2kfra8p0\LocalCache\local-packages\Python313\site-packages\django\template\response.py", line 114, in render
    self.content = self.rendered_content
                   ^^^^^^^^^^^^^^^^^^^^^
  File "C:\Users\rechs\AppData\Local\Packages\PythonSoftwareFoundation.Python.3.13_qbz5n2kfra8p0\LocalCache\local-packages\Python313\site-packages\django\template\response.py", line 90, in rendered_content
    template = self.resolve_template(self.template_name)
  File "C:\Users\rechs\AppData\Local\Packages\PythonSoftwareFoundation.Python.3.13_qbz5n2kfra8p0\LocalCache\local-packages\Python313\site-packages\django\template\response.py", line 72, in resolve_template
    return select_template(template, using=self.using)
  File "C:\Users\rechs\AppData\Local\Packages\PythonSoftwareFoundation.Python.3.13_qbz5n2kfra8p0\LocalCache\local-packages\Python313\site-packages\django\template\loader.py", line 47, in select_template
    raise TemplateDoesNotExist(", ".join(template_name_list), chain=chain)
django.template.exceptions.TemplateDoesNotExist: index.html
"GET / HTTP/1.1" 500 93144
C:\Users\rechs\OneDrive\Desktop\CES-CourseEngagementSystem\backend\ces_main\settings.py changed, reloading.
Watching for file changes with StatReloader
Internal Server Error: /
Traceback (most recent call last):
  File "C:\Users\rechs\AppData\Local\Packages\PythonSoftwareFoundation.Python.3.13_qbz5n2kfra8p0\LocalCache\local-packages\Python313\site-packages\django\core\handlers\exception.py", line 55, in inner
    response = get_response(request)
  File "C:\Users\rechs\AppData\Local\Packages\PythonSoftwareFoundation.Python.3.13_qbz5n2kfra8p0\LocalCache\local-packages\Python313\site-packages\django\core\handlers\base.py", line 220, in _get_response
    response = response.render()
  File "C:\Users\rechs\AppData\Local\Packages\PythonSoftwareFoundation.Python.3.13_qbz5n2kfra8p0\LocalCache\local-packages\Python313\site-packages\django\template\response.py", line 114, in render
    self.content = self.rendered_content
                   ^^^^^^^^^^^^^^^^^^^^^
  File "C:\Users\rechs\AppData\Local\Packages\PythonSoftwareFoundation.Python.3.13_qbz5n2kfra8p0\LocalCache\local-packages\Python313\site-packages\django\template\response.py", line 90, in rendered_content
    template = self.resolve_template(self.template_name)
  File "C:\Users\rechs\AppData\Local\Packages\PythonSoftwareFoundation.Python.3.13_qbz5n2kfra8p0\LocalCache\local-packages\Python313\site-packages\django\template\response.py", line 72, in resolve_template
    return select_template(template, using=self.using)
  File "C:\Users\rechs\AppData\Local\Packages\PythonSoftwareFoundation.Python.3.13_qbz5n2kfra8p0\LocalCache\local-packages\Python313\site-packages\django\template\loader.py", line 47, in select_template
    raise TemplateDoesNotExist(", ".join(template_name_list), chain=chain)
django.template.exceptions.TemplateDoesNotExist: index.html
"GET / HTTP/1.1" 500 93141
Internal Server Error: /
Traceback (most recent call last):
  File "C:\Users\rechs\AppData\Local\Packages\PythonSoftwareFoundation.Python.3.13_qbz5n2kfra8p0\LocalCache\local-packages\Python313\site-packages\django\core\handlers\exception.py", line 55, in inner
    response = get_response(request)
  File "C:\Users\rechs\AppData\Local\Packages\PythonSoftwareFoundation.Python.3.13_qbz5n2kfra8p0\LocalCache\local-packages\Python313\site-packages\django\core\handlers\base.py", line 220, in _get_response
    response = response.render()
  File "C:\Users\rechs\AppData\Local\Packages\PythonSoftwareFoundation.Python.3.13_qbz5n2kfra8p0\LocalCache\local-packages\Python313\site-packages\django\template\response.py", line 114, in render
    self.content = self.rendered_content
                   ^^^^^^^^^^^^^^^^^^^^^
  File "C:\Users\rechs\AppData\Local\Packages\PythonSoftwareFoundation.Python.3.13_qbz5n2kfra8p0\LocalCache\local-packages\Python313\site-packages\django\template\response.py", line 90, in rendered_content
    template = self.resolve_template(self.template_name)
  File "C:\Users\rechs\AppData\Local\Packages\PythonSoftwareFoundation.Python.3.13_qbz5n2kfra8p0\LocalCache\local-packages\Python313\site-packages\django\template\response.py", line 72, in resolve_template
    return select_template(template, using=self.using)
  File "C:\Users\rechs\AppData\Local\Packages\PythonSoftwareFoundation.Python.3.13_qbz5n2kfra8p0\LocalCache\local-packages\Python313\site-packages\django\template\loader.py", line 47, in select_template
    raise TemplateDoesNotExist(", ".join(template_name_list), chain=chain)
django.template.exceptions.TemplateDoesNotExist: index.html
"GET / HTTP/1.1" 500 93141
C:\Users\rechs\OneDrive\Desktop\CES-CourseEngagementSystem\backend\ces_main\urls.py changed, reloading.
Watching for file changes with StatReloader
C:\Users\rechs\OneDrive\Desktop\CES-CourseEngagementSystem\backend\ces_main\urls.py changed, reloading.
Watching for file changes with StatReloader
C:\Users\rechs\OneDrive\Desktop\CES-CourseEngagementSystem\backend\ces_main\urls.py changed, reloading.
Watching for file changes with StatReloader
C:\Users\rechs\OneDrive\Desktop\CES-CourseEngagementSystem\backend\ces_main\urls.py changed, reloading.
Watching for file changes with StatReloader
"GET /react HTTP/1.1" 301 0
Internal Server Error: /react/
Traceback (most recent call last):
  File "C:\Users\rechs\AppData\Local\Packages\PythonSoftwareFoundation.Python.3.13_qbz5n2kfra8p0\LocalCache\local-packages\Python313\site-packages\django\core\handlers\exception.py", line 55, in inner
    response = get_response(request)
  File "C:\Users\rechs\AppData\Local\Packages\PythonSoftwareFoundation.Python.3.13_qbz5n2kfra8p0\LocalCache\local-packages\Python313\site-packages\django\core\handlers\base.py", line 220, in _get_response
    response = response.render()
  File "C:\Users\rechs\AppData\Local\Packages\PythonSoftwareFoundation.Python.3.13_qbz5n2kfra8p0\LocalCache\local-packages\Python313\site-packages\django\template\response.py", line 114, in render
    self.content = self.rendered_content
                   ^^^^^^^^^^^^^^^^^^^^^
  File "C:\Users\rechs\AppData\Local\Packages\PythonSoftwareFoundation.Python.3.13_qbz5n2kfra8p0\LocalCache\local-packages\Python313\site-packages\django\template\response.py", line 90, in rendered_content
    template = self.resolve_template(self.template_name)
  File "C:\Users\rechs\AppData\Local\Packages\PythonSoftwareFoundation.Python.3.13_qbz5n2kfra8p0\LocalCache\local-packages\Python313\site-packages\django\template\response.py", line 72, in resolve_template
    return select_template(template, using=self.using)
  File "C:\Users\rechs\AppData\Local\Packages\PythonSoftwareFoundation.Python.3.13_qbz5n2kfra8p0\LocalCache\local-packages\Python313\site-packages\django\template\loader.py", line 47, in select_template
    raise TemplateDoesNotExist(", ".join(template_name_list), chain=chain)
django.template.exceptions.TemplateDoesNotExist: index.html
"GET /react/ HTTP/1.1" 500 93058
Watching for file changes with StatReloader
C:\Users\rechs\OneDrive\Desktop\CES-CourseEngagementSystem\backend\ces_main\settings.py changed, reloading.
Watching for file changes with StatReloader
C:\Users\rechs\OneDrive\Desktop\CES-CourseEngagementSystem\backend\ces_main\settings.py changed, reloading.
Watching for file changes with StatReloader
C:\Users\rechs\OneDrive\Desktop\CES-CourseEngagementSystem\backend\ces_main\settings.py changed, reloading.
Watching for file changes with StatReloader
C:\Users\rechs\OneDrive\Desktop\CES-CourseEngagementSystem\backend\ces_main\settings.py changed, reloading.
Watching for file changes with StatReloader
C:\Users\rechs\OneDrive\Desktop\CES-CourseEngagementSystem\backend\ces_main\settings.py changed, reloading.
Watching for file changes with StatReloader
C:\Users\rechs\OneDrive\Desktop\CES-CourseEngagementSystem\backend\ces_main\settings.py changed, reloading.
Watching for file changes with StatReloader
Watching for file changes with StatReloader
Watching for file changes with StatReloader
"GET / HTTP/1.1" 200 101
Not Found: /favicon.ico
"GET /favicon.ico HTTP/1.1" 404 3822
"GET /admin HTTP/1.1" 301 0
"GET /admin/ HTTP/1.1" 200 17874
"GET /static/admin/css/dark_mode.css HTTP/1.1" 200 2808
"GET /static/admin/css/base.css HTTP/1.1" 200 22120
"GET /static/admin/js/theme.js HTTP/1.1" 200 1653
"GET /static/admin/css/nav_sidebar.css HTTP/1.1" 200 2810
"GET /static/admin/css/dashboard.css HTTP/1.1" 200 441
"GET /static/admin/css/responsive.css HTTP/1.1" 200 16565
"GET /static/admin/js/nav_sidebar.js HTTP/1.1" 200 3063
"GET /static/admin/img/icon-addlink.svg HTTP/1.1" 200 331
"GET /static/admin/img/icon-changelink.svg HTTP/1.1" 200 380
"GET /admin/courses/course/ HTTP/1.1" 200 18484
"GET /static/admin/css/changelists.css HTTP/1.1" 200 6878
"GET /static/admin/js/jquery.init.js HTTP/1.1" 200 347
"GET /static/admin/js/core.js HTTP/1.1" 200 6208
"GET /static/admin/js/actions.js HTTP/1.1" 200 8076
"GET /static/admin/js/admin/RelatedObjectLookups.js HTTP/1.1" 200 9777
"GET /static/admin/js/urlify.js HTTP/1.1" 200 7887
"GET /static/admin/js/vendor/jquery/jquery.js HTTP/1.1" 200 285314
"GET /static/admin/js/prepopulate.js HTTP/1.1" 200 1531
"GET /static/admin/img/icon-yes.svg HTTP/1.1" 200 436
"GET /static/admin/img/search.svg HTTP/1.1" 200 458
"GET /admin/jsi18n/ HTTP/1.1" 200 3342
"GET /static/admin/js/vendor/xregexp/xregexp.js HTTP/1.1" 200 325171
"GET /static/admin/js/filters.js HTTP/1.1" 200 978
"GET /static/admin/img/tooltag-add.svg HTTP/1.1" 200 331
"GET /static/admin/img/icon-viewlink.svg HTTP/1.1" 200 581
"GET /static/admin/img/sorting-icons.svg HTTP/1.1" 200 1097
"GET /admin/quizzes/quiz/ HTTP/1.1" 200 19018
"GET /admin/jsi18n/ HTTP/1.1" 200 3342
"GET /admin/users/user/ HTTP/1.1" 200 19405
"GET /admin/jsi18n/ HTTP/1.1" 200 3342
"GET /admin/quizzes/quiz/ HTTP/1.1" 200 19018
"GET /admin/jsi18n/ HTTP/1.1" 200 3342
"GET /admin/quizzes/quizattempt/ HTTP/1.1" 200 19055
"GET /admin/jsi18n/ HTTP/1.1" 200 3342
"GET /admin/quizzes/quiz/ HTTP/1.1" 200 19018
"GET /admin/jsi18n/ HTTP/1.1" 200 3342
"GET /admin/quizzes/question/ HTTP/1.1" 200 18800
"GET /admin/jsi18n/ HTTP/1.1" 200 3342
"GET /admin/courses/topic/ HTTP/1.1" 200 17938
"GET /admin/jsi18n/ HTTP/1.1" 200 3342
Watching for file changes with StatReloader
"GET / HTTP/1.1" 200 101
"GET /admin/ HTTP/1.1" 200 17874
"GET /admin/quizzes/quiz/ HTTP/1.1" 200 19018
"GET /admin/jsi18n/ HTTP/1.1" 200 3342
"GET /admin/quizzes/quiz/add/ HTTP/1.1" 200 26544
"GET /admin/jsi18n/ HTTP/1.1" 200 3342
"GET /static/admin/css/forms.css HTTP/1.1" 200 8525
"GET /static/admin/css/widgets.css HTTP/1.1" 200 11991
"GET /static/admin/js/prepopulate_init.js HTTP/1.1" 200 586
"GET /static/admin/js/inlines.js HTTP/1.1" 200 15628
"GET /static/admin/js/change_form.js HTTP/1.1" 200 606
"GET /static/admin/img/inline-delete.svg HTTP/1.1" 200 537
"GET /admin/quizzes/quiz/ HTTP/1.1" 200 19018
"GET /admin/jsi18n/ HTTP/1.1" 200 3342
Watching for file changes with StatReloader
Watching for file changes with StatReloader
Watching for file changes with StatReloader
"POST /api/auth/login/ HTTP/1.1" 200 354
Watching for file changes with StatReloader
Watching for file changes with StatReloader
Not Found: /LogIN.jpeg
"GET /LogIN.jpeg HTTP/1.1" 404 3819
"POST /api/auth/login/ HTTP/1.1" 200 354
Watching for file changes with StatReloader
Not Found: /LogIN.jpeg
"GET /LogIN.jpeg HTTP/1.1" 404 3819
"POST /api/auth/login/ HTTP/1.1" 200 354
Watching for file changes with StatReloader
C:\Users\rechs\OneDrive\Desktop\CES-CourseEngagementSystem\backend\ces_main\settings.py changed, reloading.
Watching for file changes with StatReloader
C:\Users\rechs\OneDrive\Desktop\CES-CourseEngagementSystem\backend\ces_main\settings.py changed, reloading.
Watching for file changes with StatReloader
C:\Users\rechs\OneDrive\Desktop\CES-CourseEngagementSystem\backend\ces_main\settings.py changed, reloading.
Watching for file changes with StatReloader
C:\Users\rechs\OneDrive\Desktop\CES-CourseEngagementSystem\backend\ces_main\settings.py changed, reloading.
Watching for file changes with StatReloader
Watching for file changes with StatReloader
Not Found: /LogIN.jpeg
"GET /LogIN.jpeg HTTP/1.1" 404 3819
Not Found: /LogIN.jpeg
"GET /LogIN.jpeg HTTP/1.1" 404 3819
Watching for file changes with StatReloader
Watching for file changes with StatReloader
code 400, message Bad request version ('\x1a\x1a\x13\x01\x13\x02\x13\x03+/,0\x13\x14\x00\x9c\x00\x9d\x00/\x005\x01\x00\x06sJJ\x00\x00\x00')
code 400, message Bad request version ('B\x19\x06Ib\x99aj\x8b')
You're accessing the development server over HTTPS, but it only supports HTTP.
You're accessing the development server over HTTPS, but it only supports HTTP.
code 400, message Bad request version ('X\x00')
You're accessing the development server over HTTPS, but it only supports HTTP.
code 400, message Bad request version ('\x13\x8c\xad4\x9as\x18\x8at\x13(P\\\x9b\x81\x0f')
You're accessing the development server over HTTPS, but it only supports HTTP.
C:\Users\rechs\OneDrive\Desktop\CES-CourseEngagementSystem\backend\ces_main\settings.py changed, reloading.
Watching for file changes with StatReloader
C:\Users\rechs\OneDrive\Desktop\CES-CourseEngagementSystem\backend\ces_main\settings.py changed, reloading.
Watching for file changes with StatReloader
"GET / HTTP/1.1" 200 101
Not Found: /favicon.ico
"GET /favicon.ico HTTP/1.1" 404 3826
"GET / HTTP/1.1" 200 101
Watching for file changes with StatReloader
Watching for file changes with StatReloader
Not Found: /LogIN.jpeg
"GET /LogIN.jpeg HTTP/1.1" 404 3823
"POST /api/auth/login/ HTTP/1.1" 200 354
Watching for file changes with StatReloader
"POST /api/auth/login/ HTTP/1.1" 200 354
Not Found: /LogIN.jpeg
"GET /LogIN.jpeg HTTP/1.1" 404 3823
"GET /api/courses/topics/ HTTP/1.1" 200 319
"GET /api/courses/topics/ HTTP/1.1" 200 319
Not Found: /LogIN.jpeg
"GET /LogIN.jpeg HTTP/1.1" 404 3819
"POST /api/auth/login/ HTTP/1.1" 200 354
Not Found: /LogIN.jpeg
"GET /LogIN.jpeg HTTP/1.1" 404 3823
"POST /api/auth/login/ HTTP/1.1" 200 354
"GET /api/courses/topics/ HTTP/1.1" 200 319
"GET /api/courses/topics/ HTTP/1.1" 200 319
"GET /api/courses/topics/ HTTP/1.1" 200 319
"GET /api/courses/topics/ HTTP/1.1" 200 319
"GET /api/courses/topics/ HTTP/1.1" 200 319
"GET /api/courses/topics/ HTTP/1.1" 200 319
"GET /api/courses/topics/ HTTP/1.1" 200 319
"GET /api/courses/topics/ HTTP/1.1" 200 319
"GET /api/courses/topics/ HTTP/1.1" 200 319
"GET /api/courses/topics/ HTTP/1.1" 200 319
"GET /api/courses/topics/ HTTP/1.1" 200 319
"GET /api/courses/topics/ HTTP/1.1" 200 319
Watching for file changes with StatReloader
Watching for file changes with StatReloader
"GET /admin/ HTTP/1.1" 302 0
"GET /admin/login/?next=/admin/ HTTP/1.1" 200 4168
"GET /static/admin/css/base.css HTTP/1.1" 200 22120
"GET /static/admin/css/dark_mode.css HTTP/1.1" 200 2808
"GET /static/admin/js/theme.js HTTP/1.1" 200 1653
"GET /static/admin/css/nav_sidebar.css HTTP/1.1" 200 2810
"GET /static/admin/css/login.css HTTP/1.1" 200 951
"GET /static/admin/css/responsive.css HTTP/1.1" 200 16565
"GET /static/admin/js/nav_sidebar.js HTTP/1.1" 200 3063
"GET /admin/ HTTP/1.1" 302 0
"GET /admin/login/?next=/admin/ HTTP/1.1" 200 4168
Watching for file changes with StatReloader
Watching for file changes with StatReloader
"GET / HTTP/1.1" 200 101
Not Found: /favicon.ico
"GET /favicon.ico HTTP/1.1" 404 3979
"GET /admin/ HTTP/1.1" 302 0
"GET /admin/login/?next=/admin/ HTTP/1.1" 200 4168
"GET /api HTTP/1.1" 301 0
"GET /api/ HTTP/1.1" 200 383
Not Found: /api/analytics/
"GET /api/analytics/ HTTP/1.1" 404 5635
"GET /admin/ HTTP/1.1" 302 0
"GET /admin/login/?next=/admin/ HTTP/1.1" 200 4168
"POST /admin/login/?next=/admin/ HTTP/1.1" 302 0
"GET /admin/ HTTP/1.1" 200 17549
"POST /admin/logout/ HTTP/1.1" 200 3563
"GET /admin/ HTTP/1.1" 302 0
"GET /admin/login/?next=/admin/ HTTP/1.1" 200 4168
"GET /static/admin/css/dark_mode.css HTTP/1.1" 200 2808
"GET /static/admin/css/nav_sidebar.css HTTP/1.1" 200 2810
"GET /static/admin/js/theme.js HTTP/1.1" 200 1653
"GET /static/admin/css/base.css HTTP/1.1" 200 22120
"GET /static/admin/css/login.css HTTP/1.1" 200 951
"GET /static/admin/css/responsive.css HTTP/1.1" 200 16565
"GET /static/admin/js/nav_sidebar.js HTTP/1.1" 200 3063
Not Found: /favicon.ico
"GET /favicon.ico HTTP/1.1" 404 3979
"POST /admin/login/?next=/admin/ HTTP/1.1" 302 0
"GET /admin/ HTTP/1.1" 200 17549
"GET /static/admin/css/dashboard.css HTTP/1.1" 200 441
"GET /static/admin/img/icon-addlink.svg HTTP/1.1" 200 331
"GET /static/admin/img/icon-changelink.svg HTTP/1.1" 200 380
"GET /static/admin/img/icon-deletelink.svg HTTP/1.1" 200 392
"POST /admin/logout/ HTTP/1.1" 200 3563
Watching for file changes with StatReloader
"POST /admin/logout/ HTTP/1.1" 302 0
"GET /admin/ HTTP/1.1" 302 0
"GET /admin/login/?next=/admin/ HTTP/1.1" 200 4168
"POST /admin/login/?next=/admin/ HTTP/1.1" 302 0
"GET /admin/ HTTP/1.1" 200 19454
"GET /admin/analytics/studentengagementmetrics/ HTTP/1.1" 200 18717
"GET /admin/jsi18n/ HTTP/1.1" 200 3342
"GET /static/admin/css/changelists.css HTTP/1.1" 200 6878
"GET /static/admin/js/jquery.init.js HTTP/1.1" 200 347
"GET /static/admin/js/core.js HTTP/1.1" 200 6208
"GET /static/admin/js/prepopulate.js HTTP/1.1" 200 1531
"GET /static/admin/js/urlify.js HTTP/1.1" 200 7887
"GET /static/admin/img/search.svg HTTP/1.1" 200 458
"GET /static/admin/js/vendor/jquery/jquery.js HTTP/1.1" 200 285314
"GET /static/admin/js/admin/RelatedObjectLookups.js HTTP/1.1" 200 9777
"GET /static/admin/js/vendor/xregexp/xregexp.js HTTP/1.1" 200 325171
"GET /static/admin/js/filters.js HTTP/1.1" 200 978
"GET /static/admin/js/actions.js HTTP/1.1" 200 8076
"GET /static/admin/img/tooltag-add.svg HTTP/1.1" 200 331
"GET /static/admin/img/icon-viewlink.svg HTTP/1.1" 200 581
"GET /admin/analytics/dailyengagement/ HTTP/1.1" 200 17448
"GET /admin/jsi18n/ HTTP/1.1" 200 3342
"GET /admin/analytics/dailyengagement/add/ HTTP/1.1" 200 19010
"GET /static/admin/css/forms.css HTTP/1.1" 200 8525
"GET /static/admin/img/icon-no.svg HTTP/1.1" 200 560
"GET /static/admin/js/prepopulate_init.js HTTP/1.1" 200 586
"GET /static/admin/js/calendar.js HTTP/1.1" 200 9141
"GET /static/admin/js/admin/DateTimeShortcuts.js HTTP/1.1" 200 19319
"GET /static/admin/css/widgets.css HTTP/1.1" 200 11991
"GET /admin/jsi18n/ HTTP/1.1" 200 3342
"GET /static/admin/js/change_form.js HTTP/1.1" 200 606
"GET /static/admin/img/icon-calendar.svg HTTP/1.1" 200 1086
"GET /admin/analytics/ HTTP/1.1" 200 6314
"GET /admin/ HTTP/1.1" 200 19454
Watching for file changes with StatReloader
"GET / HTTP/1.1" 200 101
"GET /admin/ HTTP/1.1" 200 22224
"GET /admin/ HTTP/1.1" 200 22224
Watching for file changes with StatReloader
"GET / HTTP/1.1" 200 101
Not Found: /favicon.ico
"GET /favicon.ico HTTP/1.1" 404 3979
"GET /api/ HTTP/1.1" 200 383
Unauthorized: /api/courses/
"GET /api/courses/ HTTP/1.1" 401 58
"GET /admin HTTP/1.1" 301 0
"GET /admin/ HTTP/1.1" 200 22224
"GET /static/admin/css/dark_mode.css HTTP/1.1" 200 2808
"GET /static/admin/css/nav_sidebar.css HTTP/1.1" 200 2810
"GET /static/admin/js/theme.js HTTP/1.1" 200 1653
"GET /static/admin/css/base.css HTTP/1.1" 200 22120
"GET /static/admin/css/dashboard.css HTTP/1.1" 200 441
"GET /static/admin/css/responsive.css HTTP/1.1" 200 16565
"GET /static/admin/js/nav_sidebar.js HTTP/1.1" 200 3063
"GET /static/admin/img/icon-addlink.svg HTTP/1.1" 200 331
"GET /static/admin/img/icon-deletelink.svg HTTP/1.1" 200 392
"GET /static/admin/img/icon-changelink.svg HTTP/1.1" 200 380
"GET /admin/ HTTP/1.1" 200 22224
"GET /api/courses HTTP/1.1" 301 0
Unauthorized: /api/courses/
"GET /api/courses/ HTTP/1.1" 401 58
"GET /admin/ HTTP/1.1" 200 22224
Not Found: /aoi/courses
"GET /aoi/courses HTTP/1.1" 404 3979
Unauthorized: /api/courses/
"GET /api/courses/ HTTP/1.1" 401 58
"GET /admin/ HTTP/1.1" 200 22224
"GET /admin/quizzes/quizattempt/ HTTP/1.1" 200 19970
"GET /static/admin/css/changelists.css HTTP/1.1" 200 6878
"GET /static/admin/js/jquery.init.js HTTP/1.1" 200 347
"GET /static/admin/js/core.js HTTP/1.1" 200 6208
"GET /static/admin/js/admin/RelatedObjectLookups.js HTTP/1.1" 200 9777
"GET /static/admin/js/actions.js HTTP/1.1" 200 8076
"GET /static/admin/js/urlify.js HTTP/1.1" 200 7887
"GET /static/admin/js/prepopulate.js HTTP/1.1" 200 1531
"GET /static/admin/js/vendor/jquery/jquery.js HTTP/1.1" 200 285314
"GET /static/admin/img/search.svg HTTP/1.1" 200 458
"GET /admin/jsi18n/ HTTP/1.1" 200 3342
"GET /static/admin/js/filters.js HTTP/1.1" 200 978
"GET /static/admin/js/vendor/xregexp/xregexp.js HTTP/1.1" 200 325171
"GET /static/admin/img/icon-viewlink.svg HTTP/1.1" 200 581
"GET /static/admin/img/tooltag-add.svg HTTP/1.1" 200 331
"GET /admin/quizzes/quiz/ HTTP/1.1" 200 23514
"GET /static/admin/img/icon-yes.svg HTTP/1.1" 200 436
"GET /admin/jsi18n/ HTTP/1.1" 200 3342
"GET /admin/quizzes/quiz/9/change/ HTTP/1.1" 200 36014
"GET /static/admin/css/forms.css HTTP/1.1" 200 8525
"GET /static/admin/js/prepopulate_init.js HTTP/1.1" 200 586
"GET /static/admin/js/inlines.js HTTP/1.1" 200 15628
"GET /static/admin/css/widgets.css HTTP/1.1" 200 11991
"GET /admin/jsi18n/ HTTP/1.1" 200 3342
"GET /static/admin/js/change_form.js HTTP/1.1" 200 606
"GET /admin/quizzes/answer/ HTTP/1.1" 200 19759
"GET /admin/jsi18n/ HTTP/1.1" 200 3342
"GET /admin/quizzes/choice/ HTTP/1.1" 200 22977
"GET /static/admin/img/icon-no.svg HTTP/1.1" 200 560
"GET /admin/jsi18n/ HTTP/1.1" 200 3342
"GET /static/admin/img/sorting-icons.svg HTTP/1.1" 200 1097
"GET /admin/analytics/lectureslide/ HTTP/1.1" 200 19358
"GET /admin/jsi18n/ HTTP/1.1" 200 3342
"GET /admin/analytics/lectureslide/add/ HTTP/1.1" 200 25318
"GET /admin/jsi18n/ HTTP/1.1" 200 3342
"GET /admin/analytics/studentadaptiveprogress/ HTTP/1.1" 200 20264
"GET /admin/jsi18n/ HTTP/1.1" 200 3342
"GET /admin/analytics/studentadaptiveprogress/add/ HTTP/1.1" 200 25922
"GET /admin/jsi18n/ HTTP/1.1" 200 3342
"GET /admin/analytics/studentengagementmetrics/ HTTP/1.1" 200 20695
"GET /admin/jsi18n/ HTTP/1.1" 200 3342
Watching for file changes with StatReloader
"GET /admin/analytics/studentengagementmetrics/ HTTP/1.1" 200 20695
"GET /admin/jsi18n/ HTTP/1.1" 200 3342
"GET /admin/analytics/studentadaptiveprogress/ HTTP/1.1" 200 20264
"GET /admin/jsi18n/ HTTP/1.1" 200 3342
"GET /admin/analytics/studentengagementmetrics/ HTTP/1.1" 200 20695
"GET /admin/jsi18n/ HTTP/1.1" 200 3342
"GET /admin/analytics/studentadaptiveprogress/ HTTP/1.1" 200 20264
"GET /admin/jsi18n/ HTTP/1.1" 200 3342
"GET /admin/analytics/lectureslide/ HTTP/1.1" 200 19358
"GET /admin/jsi18n/ HTTP/1.1" 200 3342
"GET /admin/analytics/studentengagementmetrics/ HTTP/1.1" 200 20695
"GET /admin/jsi18n/ HTTP/1.1" 200 3342
Watching for file changes with StatReloader
"GET / HTTP/1.1" 200 101
Not Found: /favicon.ico
"GET /favicon.ico HTTP/1.1" 404 3979
"GET /admin/ HTTP/1.1" 200 22224
"GET /admin/courses/course/ HTTP/1.1" 200 22623
"GET /admin/jsi18n/ HTTP/1.1" 200 3342
"GET /admin/courses/course/add/ HTTP/1.1" 200 31354
"GET /admin/jsi18n/ HTTP/1.1" 200 3342
Watching for file changes with StatReloader
"GET / HTTP/1.1" 200 101
Not Found: /favicon.ico
"GET /favicon.ico HTTP/1.1" 404 3979
"GET /admin/ HTTP/1.1" 302 0
"GET /admin/login/?next=/admin/ HTTP/1.1" 200 4168
"GET /static/admin/css/base.css HTTP/1.1" 304 0
"GET /static/admin/css/dark_mode.css HTTP/1.1" 304 0
"GET /static/admin/css/nav_sidebar.css HTTP/1.1" 304 0
"GET /static/admin/css/login.css HTTP/1.1" 304 0
"GET /static/admin/css/responsive.css HTTP/1.1" 304 0
"GET /static/admin/js/theme.js HTTP/1.1" 304 0
"GET /static/admin/js/nav_sidebar.js HTTP/1.1" 304 0
"POST /admin/login/?next=/admin/ HTTP/1.1" 302 0
"GET /admin/ HTTP/1.1" 200 22224
"GET /admin/analytics/lectureslide/ HTTP/1.1" 200 19358
"GET /admin/jsi18n/ HTTP/1.1" 200 3342
"GET /admin/analytics/lectureslide/add/ HTTP/1.1" 200 25318
"GET /admin/jsi18n/ HTTP/1.1" 200 3342
"POST /admin/analytics/lectureslide/add/ HTTP/1.1" 302 0
"GET /admin/analytics/lectureslide/ HTTP/1.1" 200 22567
"GET /admin/jsi18n/ HTTP/1.1" 200 3342
Watching for file changes with StatReloader
"GET / HTTP/1.1" 200 101
"GET /admin/ HTTP/1.1" 200 22273
"GET /admin/analytics/adaptivequiz/ HTTP/1.1" 200 19723
"GET /admin/jsi18n/ HTTP/1.1" 200 3342
"GET /admin/analytics/adaptivequiz/add/ HTTP/1.1" 200 23964
"GET /admin/jsi18n/ HTTP/1.1" 200 3342
"POST /admin/analytics/adaptivequiz/add/ HTTP/1.1" 200 24149
"GET /admin/jsi18n/ HTTP/1.1" 200 3342
"GET /admin/analytics/dailyengagement/ HTTP/1.1" 200 19426
"GET /admin/jsi18n/ HTTP/1.1" 200 3342
"GET /admin/analytics/lectureslide/ HTTP/1.1" 200 22333
"GET /admin/jsi18n/ HTTP/1.1" 200 3342
"GET /admin/analytics/studentadaptiveprogress/ HTTP/1.1" 200 20264
"GET /admin/jsi18n/ HTTP/1.1" 200 3342
"GET /admin/analytics/studentengagementmetrics/ HTTP/1.1" 200 20695
"GET /admin/jsi18n/ HTTP/1.1" 200 3342
"GET /admin/analytics/dailyengagement/ HTTP/1.1" 200 19426
"GET /admin/jsi18n/ HTTP/1.1" 200 3342
"GET /admin/analytics/adaptivequiz/ HTTP/1.1" 200 19723
"GET /admin/jsi18n/ HTTP/1.1" 200 3342
"GET /admin/analytics/adaptivequizattempt/ HTTP/1.1" 200 19819
"GET /admin/jsi18n/ HTTP/1.1" 200 3342
"GET /admin/analytics/adaptivequiz/ HTTP/1.1" 200 19723
"GET /admin/jsi18n/ HTTP/1.1" 200 3342
"GET /admin/analytics/adaptivequiz/add/ HTTP/1.1" 200 23964
"GET /admin/jsi18n/ HTTP/1.1" 200 3342
"POST /admin/analytics/adaptivequiz/add/ HTTP/1.1" 200 24145
"GET /admin/jsi18n/ HTTP/1.1" 200 3342
"POST /admin/analytics/adaptivequiz/add/ HTTP/1.1" 200 24800
"GET /admin/jsi18n/ HTTP/1.1" 200 3342
"POST /admin/analytics/adaptivequiz/add/ HTTP/1.1" 200 24799
"GET /admin/jsi18n/ HTTP/1.1" 200 3342
"GET /admin/analytics/dailyengagement/ HTTP/1.1" 200 19426
"GET /admin/jsi18n/ HTTP/1.1" 200 3342
"GET /admin/analytics/lectureslide/ HTTP/1.1" 200 22333
"GET /admin/jsi18n/ HTTP/1.1" 200 3342
"GET /admin/analytics/lectureslide/1/change/ HTTP/1.1" 200 44686
"GET /admin/jsi18n/ HTTP/1.1" 200 3342
"GET /admin/authtoken/tokenproxy/ HTTP/1.1" 200 18805
Forbidden: /api/analytics/lecturer/dashboard/
Forbidden: /api/analytics/lecturer/chart/
Forbidden: /api/analytics/lecturer/course-options/
Forbidden: /api/analytics/student/dashboard/
Forbidden: /api/analytics/student/engagement-heatmap/
